[ 2017-07-04T09:37:59+08:00 ] 127.0.0.1 /BScode1/index.php/Home/News/media
INFO: [ app_init ] --START--
INFO: Run Behavior\BuildLiteBehavior [ RunTime:0.000000s ]
INFO: [ app_init ] --END-- [ RunTime:0.001000s ]
INFO: [ app_begin ] --START--
INFO: Run Behavior\ReadHtmlCacheBehavior [ RunTime:0.001000s ]
INFO: [ app_begin ] --END-- [ RunTime:0.001000s ]
SQL: SHOW COLUMNS FROM `gw_nav` [ RunTime:0.0030s ]
SQL: SELECT * FROM `gw_nav` WHERE ( nav_level=0 )  [ RunTime:0.0000s ]
SQL: SELECT * FROM `gw_nav` WHERE ( nav_level=1 )  [ RunTime:0.0000s ]
SQL: SHOW COLUMNS FROM `gw_news` [ RunTime:0.0030s ]
SQL: SELECT * FROM `gw_news` INNER JOIN gw_showtype ON gw_showtype.showtype_id = gw_news.news_showtype_id  WHERE ( news_showtype_id=3 )  [ RunTime:0.0010s ]
INFO: [ view_parse ] --START--
INFO: [ template_filter ] --START--
INFO: Run Behavior\ContentReplaceBehavior [ RunTime:0.000000s ]
INFO: [ template_filter ] --END-- [ RunTime:0.000000s ]
INFO: Run Behavior\ParseTemplateBehavior [ RunTime:0.027001s ]
INFO: [ view_parse ] --END-- [ RunTime:0.027001s ]
INFO: [ view_filter ] --START--
INFO: Run Behavior\WriteHtmlCacheBehavior [ RunTime:0.001001s ]
INFO: [ view_filter ] --END-- [ RunTime:0.001001s ]
INFO: [ app_end ] --START--
INFO: Run Behavior\ShowPageTraceBehavior [ RunTime:0.001000s ]
INFO: [ app_end ] --END-- [ RunTime:0.001000s ]

[ 2017-07-04T09:38:00+08:00 ] 127.0.0.1 /BScode1/index.php/Home/foot/foot.html
INFO: [ app_init ] --START--
INFO: Run Behavior\BuildLiteBehavior [ RunTime:0.000000s ]
INFO: [ app_init ] --END-- [ RunTime:0.000000s ]
INFO: [ app_begin ] --START--
INFO: Run Behavior\ReadHtmlCacheBehavior [ RunTime:0.005000s ]
INFO: [ app_begin ] --END-- [ RunTime:0.005000s ]
SQL: SHOW COLUMNS FROM `gw_nav` [ RunTime:0.0040s ]
SQL: SELECT * FROM `gw_nav` WHERE ( nav_level=0 )  [ RunTime:0.0010s ]
SQL: SELECT * FROM `gw_nav` WHERE ( nav_level=1 )  [ RunTime:0.0000s ]
INFO: [ view_parse ] --START--
INFO: [ template_filter ] --START--
INFO: Run Behavior\ContentReplaceBehavior [ RunTime:0.000000s ]
INFO: [ template_filter ] --END-- [ RunTime:0.001000s ]
INFO: Run Behavior\ParseTemplateBehavior [ RunTime:0.016001s ]
INFO: [ view_parse ] --END-- [ RunTime:0.016001s ]
INFO: [ view_filter ] --START--
INFO: Run Behavior\WriteHtmlCacheBehavior [ RunTime:0.002000s ]
INFO: [ view_filter ] --END-- [ RunTime:0.002000s ]
INFO: [ app_end ] --START--
INFO: Run Behavior\ShowPageTraceBehavior [ RunTime:0.001000s ]
INFO: [ app_end ] --END-- [ RunTime:0.001000s ]

[ 2017-07-04T09:38:01+08:00 ] 127.0.0.1 /BScode1/index.php/Home/index/index
INFO: [ app_init ] --START--
INFO: Run Behavior\BuildLiteBehavior [ RunTime:0.000000s ]
INFO: [ app_init ] --END-- [ RunTime:0.001000s ]
INFO: [ app_begin ] --START--
INFO: Run Behavior\ReadHtmlCacheBehavior [ RunTime:0.001000s ]
INFO: [ app_begin ] --END-- [ RunTime:0.001000s ]
SQL: SHOW COLUMNS FROM `gw_nav` [ RunTime:0.0030s ]
SQL: SELECT * FROM `gw_nav` WHERE ( nav_level=0 )  [ RunTime:0.0060s ]
SQL: SELECT * FROM `gw_nav` WHERE ( nav_level=1 )  [ RunTime:0.0000s ]
SQL: SHOW COLUMNS FROM `gw_news` [ RunTime:0.0030s ]
SQL: SELECT * FROM `gw_news` LIMIT 0,4   [ RunTime:0.0000s ]
SQL: SHOW COLUMNS FROM `gw_rjgn` [ RunTime:0.0030s ]
SQL: SELECT * FROM `gw_rjgn` WHERE ( rjtype_id=1 )  [ RunTime:0.0020s ]
SQL: SHOW COLUMNS FROM `gw_call` [ RunTime:0.0090s ]
SQL: SELECT * FROM `gw_call` LIMIT 1   [ RunTime:0.0000s ]
SQL: SHOW COLUMNS FROM `gw_inc` [ RunTime:0.0030s ]
SQL: SELECT * FROM `gw_inc`  [ RunTime:0.0010s ]
SQL: SHOW COLUMNS FROM `gw_map` [ RunTime:0.0080s ]
SQL: SELECT * FROM `gw_map` LIMIT 1   [ RunTime:0.0000s ]
INFO: [ view_parse ] --START--
INFO: [ template_filter ] --START--
INFO: Run Behavior\ContentReplaceBehavior [ RunTime:0.001000s ]
INFO: [ template_filter ] --END-- [ RunTime:0.001000s ]
INFO: Run Behavior\ParseTemplateBehavior [ RunTime:0.054003s ]
INFO: [ view_parse ] --END-- [ RunTime:0.055003s ]
INFO: [ view_filter ] --START--
INFO: Run Behavior\WriteHtmlCacheBehavior [ RunTime:0.000000s ]
INFO: [ view_filter ] --END-- [ RunTime:0.000000s ]
INFO: [ app_end ] --START--
INFO: Run Behavior\ShowPageTraceBehavior [ RunTime:0.001000s ]
INFO: [ app_end ] --END-- [ RunTime:0.001000s ]

[ 2017-07-04T09:38:01+08:00 ] 127.0.0.1 /BScode1/index.php/Home/foot/foot.html
INFO: [ app_init ] --START--
INFO: Run Behavior\BuildLiteBehavior [ RunTime:0.000000s ]
INFO: [ app_init ] --END-- [ RunTime:0.000000s ]
INFO: [ app_begin ] --START--
INFO: Run Behavior\ReadHtmlCacheBehavior [ RunTime:0.001001s ]
INFO: [ app_begin ] --END-- [ RunTime:0.001001s ]
SQL: SHOW COLUMNS FROM `gw_nav` [ RunTime:0.0040s ]
SQL: SELECT * FROM `gw_nav` WHERE ( nav_level=0 )  [ RunTime:0.0010s ]
SQL: SELECT * FROM `gw_nav` WHERE ( nav_level=1 )  [ RunTime:0.0010s ]
INFO: [ view_parse ] --START--
INFO: [ template_filter ] --START--
INFO: Run Behavior\ContentReplaceBehavior [ RunTime:0.000000s ]
INFO: [ template_filter ] --END-- [ RunTime:0.000000s ]
INFO: Run Behavior\ParseTemplateBehavior [ RunTime:0.018001s ]
INFO: [ view_parse ] --END-- [ RunTime:0.018001s ]
INFO: [ view_filter ] --START--
INFO: Run Behavior\WriteHtmlCacheBehavior [ RunTime:0.001000s ]
INFO: [ view_filter ] --END-- [ RunTime:0.001000s ]
INFO: [ app_end ] --START--
INFO: Run Behavior\ShowPageTraceBehavior [ RunTime:0.000000s ]
INFO: [ app_end ] --END-- [ RunTime:0.000000s ]

[ 2017-07-04T15:50:25+08:00 ] 106.91.205.228 /muge/
INFO: [ app_init ] --START--
INFO: Run Behavior\BuildLiteBehavior [ RunTime:0.000000s ]
INFO: [ app_init ] --END-- [ RunTime:0.000000s ]
INFO: [ app_begin ] --START--
INFO: Run Behavior\ReadHtmlCacheBehavior [ RunTime:0.005000s ]
INFO: [ app_begin ] --END-- [ RunTime:0.005000s ]
SQL: SHOW COLUMNS FROM `gw_nav` [ RunTime:0.0040s ]
SQL: SELECT * FROM `gw_nav` WHERE ( nav_level=0 )  [ RunTime:0.0010s ]
SQL: SELECT * FROM `gw_nav` WHERE ( nav_level=1 )  [ RunTime:0.0010s ]
SQL: SHOW COLUMNS FROM `gw_news` [ RunTime:0.0030s ]
SQL: SELECT * FROM `gw_news` LIMIT 0,4   [ RunTime:0.0000s ]
SQL: SHOW COLUMNS FROM `gw_rjgn` [ RunTime:0.0020s ]
SQL: SELECT * FROM `gw_rjgn` WHERE ( rjtype_id=1 )  [ RunTime:0.0010s ]
SQL: SHOW COLUMNS FROM `gw_call` [ RunTime:0.0020s ]
SQL: SELECT * FROM `gw_call` LIMIT 1   [ RunTime:0.0010s ]
SQL: SHOW COLUMNS FROM `gw_inc` [ RunTime:0.0030s ]
SQL: SELECT * FROM `gw_inc`  [ RunTime:0.0010s ]
SQL: SHOW COLUMNS FROM `gw_map` [ RunTime:0.0030s ]
SQL: SELECT * FROM `gw_map` LIMIT 1   [ RunTime:0.0020s ]
INFO: [ view_parse ] --START--
INFO: [ template_filter ] --START--
INFO: Run Behavior\ContentReplaceBehavior [ RunTime:0.000000s ]
INFO: [ template_filter ] --END-- [ RunTime:0.000000s ]
INFO: Run Behavior\ParseTemplateBehavior [ RunTime:0.044002s ]
INFO: [ view_parse ] --END-- [ RunTime:0.045002s ]
INFO: [ view_filter ] --START--
INFO: Run Behavior\WriteHtmlCacheBehavior [ RunTime:0.002000s ]
INFO: [ view_filter ] --END-- [ RunTime:0.002000s ]
INFO: [ app_end ] --START--
INFO: Run Behavior\ShowPageTraceBehavior [ RunTime:0.002000s ]
INFO: [ app_end ] --END-- [ RunTime:0.002000s ]

[ 2017-07-04T15:50:26+08:00 ] 106.91.205.228 /muge/index.php/Home/foot/foot.html
INFO: [ app_init ] --START--
INFO: Run Behavior\BuildLiteBehavior [ RunTime:0.000000s ]
INFO: [ app_init ] --END-- [ RunTime:0.000000s ]
INFO: [ app_begin ] --START--
INFO: Run Behavior\ReadHtmlCacheBehavior [ RunTime:0.003001s ]
INFO: [ app_begin ] --END-- [ RunTime:0.003001s ]
SQL: SHOW COLUMNS FROM `gw_nav` [ RunTime:0.0020s ]
SQL: SELECT * FROM `gw_nav` WHERE ( nav_level=0 )  [ RunTime:0.0010s ]
SQL: SELECT * FROM `gw_nav` WHERE ( nav_level=1 )  [ RunTime:0.0000s ]
INFO: [ view_parse ] --START--
INFO: [ template_filter ] --START--
INFO: Run Behavior\ContentReplaceBehavior [ RunTime:0.000000s ]
INFO: [ template_filter ] --END-- [ RunTime:0.000000s ]
INFO: Run Behavior\ParseTemplateBehavior [ RunTime:0.019001s ]
INFO: [ view_parse ] --END-- [ RunTime:0.019001s ]
INFO: [ view_filter ] --START--
INFO: Run Behavior\WriteHtmlCacheBehavior [ RunTime:0.002000s ]
INFO: [ view_filter ] --END-- [ RunTime:0.002000s ]
INFO: [ app_end ] --START--
INFO: Run Behavior\ShowPageTraceBehavior [ RunTime:0.003000s ]
INFO: [ app_end ] --END-- [ RunTime:0.003000s ]

[ 2017-07-04T15:51:08+08:00 ] 106.91.205.228 /muge/index.php/Home/index/index.html
INFO: [ app_init ] --START--
INFO: Run Behavior\BuildLiteBehavior [ RunTime:0.000000s ]
INFO: [ app_init ] --END-- [ RunTime:0.000000s ]
INFO: [ app_begin ] --START--
INFO: Run Behavior\ReadHtmlCacheBehavior [ RunTime:0.005001s ]
INFO: [ app_begin ] --END-- [ RunTime:0.006001s ]
SQL: SHOW COLUMNS FROM `gw_nav` [ RunTime:0.0020s ]
SQL: SELECT * FROM `gw_nav` WHERE ( nav_level=0 )  [ RunTime:0.0020s ]
SQL: SELECT * FROM `gw_nav` WHERE ( nav_level=1 )  [ RunTime:0.0010s ]
SQL: SHOW COLUMNS FROM `gw_news` [ RunTime:0.0020s ]
SQL: SELECT * FROM `gw_news` LIMIT 0,4   [ RunTime:0.0000s ]
SQL: SHOW COLUMNS FROM `gw_rjgn` [ RunTime:0.0020s ]
SQL: SELECT * FROM `gw_rjgn` WHERE ( rjtype_id=1 )  [ RunTime:0.0000s ]
SQL: SHOW COLUMNS FROM `gw_call` [ RunTime:0.0020s ]
SQL: SELECT * FROM `gw_call` LIMIT 1   [ RunTime:0.0010s ]
SQL: SHOW COLUMNS FROM `gw_inc` [ RunTime:0.0020s ]
SQL: SELECT * FROM `gw_inc`  [ RunTime:0.0010s ]
SQL: SHOW COLUMNS FROM `gw_map` [ RunTime:0.0010s ]
SQL: SELECT * FROM `gw_map` LIMIT 1   [ RunTime:0.0000s ]
INFO: [ view_parse ] --START--
INFO: [ template_filter ] --START--
INFO: Run Behavior\ContentReplaceBehavior [ RunTime:0.000000s ]
INFO: [ template_filter ] --END-- [ RunTime:0.000000s ]
INFO: Run Behavior\ParseTemplateBehavior [ RunTime:0.066003s ]
INFO: [ view_parse ] --END-- [ RunTime:0.066003s ]
INFO: [ view_filter ] --START--
INFO: Run Behavior\WriteHtmlCacheBehavior [ RunTime:0.004001s ]
INFO: [ view_filter ] --END-- [ RunTime:0.004001s ]
INFO: [ app_end ] --START--
INFO: Run Behavior\ShowPageTraceBehavior [ RunTime:0.005000s ]
INFO: [ app_end ] --END-- [ RunTime:0.005000s ]

[ 2017-07-04T15:51:08+08:00 ] 106.91.205.228 /muge/index.php/Home/foot/foot.html
INFO: [ app_init ] --START--
INFO: Run Behavior\BuildLiteBehavior [ RunTime:0.000000s ]
INFO: [ app_init ] --END-- [ RunTime:0.001000s ]
INFO: [ app_begin ] --START--
INFO: Run Behavior\ReadHtmlCacheBehavior [ RunTime:0.005000s ]
INFO: [ app_begin ] --END-- [ RunTime:0.006000s ]
SQL: SHOW COLUMNS FROM `gw_nav` [ RunTime:0.0030s ]
SQL: SELECT * FROM `gw_nav` WHERE ( nav_level=0 )  [ RunTime:0.0010s ]
SQL: SELECT * FROM `gw_nav` WHERE ( nav_level=1 )  [ RunTime:0.0000s ]
INFO: [ view_parse ] --START--
INFO: [ template_filter ] --START--
INFO: Run Behavior\ContentReplaceBehavior [ RunTime:0.000000s ]
INFO: [ template_filter ] --END-- [ RunTime:0.001000s ]
INFO: Run Behavior\ParseTemplateBehavior [ RunTime:0.033002s ]
INFO: [ view_parse ] --END-- [ RunTime:0.033002s ]
INFO: [ view_filter ] --START--
INFO: Run Behavior\WriteHtmlCacheBehavior [ RunTime:0.004000s ]
INFO: [ view_filter ] --END-- [ RunTime:0.004000s ]
INFO: [ app_end ] --START--
INFO: Run Behavior\ShowPageTraceBehavior [ RunTime:0.004000s ]
INFO: [ app_end ] --END-- [ RunTime:0.005000s ]

[ 2017-07-04T15:51:18+08:00 ] 106.91.205.228 /muge/
INFO: [ app_init ] --START--
INFO: Run Behavior\BuildLiteBehavior [ RunTime:0.000000s ]
INFO: [ app_init ] --END-- [ RunTime:0.000000s ]
INFO: [ app_begin ] --START--
INFO: Run Behavior\ReadHtmlCacheBehavior [ RunTime:0.005000s ]
INFO: [ app_begin ] --END-- [ RunTime:0.005000s ]
SQL: SHOW COLUMNS FROM `gw_nav` [ RunTime:0.0020s ]
SQL: SELECT * FROM `gw_nav` WHERE ( nav_level=0 )  [ RunTime:0.0000s ]
SQL: SELECT * FROM `gw_nav` WHERE ( nav_level=1 )  [ RunTime:0.0000s ]
SQL: SHOW COLUMNS FROM `gw_news` [ RunTime:0.0020s ]
SQL: SELECT * FROM `gw_news` LIMIT 0,4   [ RunTime:0.0000s ]
SQL: SHOW COLUMNS FROM `gw_rjgn` [ RunTime:0.0020s ]
SQL: SELECT * FROM `gw_rjgn` WHERE ( rjtype_id=1 )  [ RunTime:0.0000s ]
SQL: SHOW COLUMNS FROM `gw_call` [ RunTime:0.0020s ]
SQL: SELECT * FROM `gw_call` LIMIT 1   [ RunTime:0.0000s ]
SQL: SHOW COLUMNS FROM `gw_inc` [ RunTime:0.0030s ]
SQL: SELECT * FROM `gw_inc`  [ RunTime:0.0010s ]
SQL: SHOW COLUMNS FROM `gw_map` [ RunTime:0.0010s ]
SQL: SELECT * FROM `gw_map` LIMIT 1   [ RunTime:0.0010s ]
INFO: [ view_parse ] --START--
INFO: [ template_filter ] --START--
INFO: Run Behavior\ContentReplaceBehavior [ RunTime:0.001000s ]
INFO: [ template_filter ] --END-- [ RunTime:0.001000s ]
INFO: Run Behavior\ParseTemplateBehavior [ RunTime:0.071004s ]
INFO: [ view_parse ] --END-- [ RunTime:0.071004s ]
INFO: [ view_filter ] --START--
INFO: Run Behavior\WriteHtmlCacheBehavior [ RunTime:0.005000s ]
INFO: [ view_filter ] --END-- [ RunTime:0.005000s ]
INFO: [ app_end ] --START--
INFO: Run Behavior\ShowPageTraceBehavior [ RunTime:0.003001s ]
INFO: [ app_end ] --END-- [ RunTime:0.004001s ]

[ 2017-07-04T15:51:19+08:00 ] 106.91.205.228 /muge/index.php/Home/foot/foot.html
INFO: [ app_init ] --START--
INFO: Run Behavior\BuildLiteBehavior [ RunTime:0.000000s ]
INFO: [ app_init ] --END-- [ RunTime:0.000000s ]
INFO: [ app_begin ] --START--
INFO: Run Behavior\ReadHtmlCacheBehavior [ RunTime:0.004001s ]
INFO: [ app_begin ] --END-- [ RunTime:0.004001s ]
SQL: SHOW COLUMNS FROM `gw_nav` [ RunTime:0.0020s ]
SQL: SELECT * FROM `gw_nav` WHERE ( nav_level=0 )  [ RunTime:0.0010s ]
SQL: SELECT * FROM `gw_nav` WHERE ( nav_level=1 )  [ RunTime:0.0010s ]
INFO: [ view_parse ] --START--
INFO: [ template_filter ] --START--
INFO: Run Behavior\ContentReplaceBehavior [ RunTime:0.000000s ]
INFO: [ template_filter ] --END-- [ RunTime:0.000000s ]
INFO: Run Behavior\ParseTemplateBehavior [ RunTime:0.034002s ]
INFO: [ view_parse ] --END-- [ RunTime:0.034002s ]
INFO: [ view_filter ] --START--
INFO: Run Behavior\WriteHtmlCacheBehavior [ RunTime:0.005000s ]
INFO: [ view_filter ] --END-- [ RunTime:0.006000s ]
INFO: [ app_end ] --START--
INFO: Run Behavior\ShowPageTraceBehavior [ RunTime:0.005001s ]
INFO: [ app_end ] --END-- [ RunTime:0.005001s ]

[ 2017-07-04T15:51:33+08:00 ] 106.91.205.228 /muge/index.php/Home/aboutmuge/showlist.html
INFO: [ app_init ] --START--
INFO: Run Behavior\BuildLiteBehavior [ RunTime:0.000000s ]
INFO: [ app_init ] --END-- [ RunTime:0.000000s ]
INFO: [ app_begin ] --START--
INFO: Run Behavior\ReadHtmlCacheBehavior [ RunTime:0.006000s ]
INFO: [ app_begin ] --END-- [ RunTime:0.006000s ]
SQL: SHOW COLUMNS FROM `gw_nav` [ RunTime:0.0020s ]
SQL: SELECT * FROM `gw_nav` WHERE ( nav_level=0 )  [ RunTime:0.0010s ]
SQL: SELECT * FROM `gw_nav` WHERE ( nav_level=1 )  [ RunTime:0.0010s ]
SQL: SHOW COLUMNS FROM `gw_rjgn` [ RunTime:0.0020s ]
SQL: SELECT * FROM `gw_rjgn` WHERE ( rjtype_id=2 )  [ RunTime:0.0010s ]
SQL: SHOW COLUMNS FROM `gw_inc` [ RunTime:0.0020s ]
SQL: SELECT * FROM `gw_inc`  [ RunTime:0.0010s ]
INFO: [ view_parse ] --START--
INFO: [ template_filter ] --START--
INFO: Run Behavior\ContentReplaceBehavior [ RunTime:0.000000s ]
INFO: [ template_filter ] --END-- [ RunTime:0.001000s ]
NOTIC: [8] Undefined index: loc_loc D:\wwwroot\muge\Application\Runtime\Cache\Home\d63a3f1d6ee89fdd0510bbf57e116ae7.php 第 60 行.
NOTIC: [8] Undefined index: loc_loc D:\wwwroot\muge\Application\Runtime\Cache\Home\d63a3f1d6ee89fdd0510bbf57e116ae7.php 第 60 行.
NOTIC: [8] Undefined index: loc_loc D:\wwwroot\muge\Application\Runtime\Cache\Home\d63a3f1d6ee89fdd0510bbf57e116ae7.php 第 60 行.
NOTIC: [8] Undefined index: loc_loc D:\wwwroot\muge\Application\Runtime\Cache\Home\d63a3f1d6ee89fdd0510bbf57e116ae7.php 第 60 行.
NOTIC: [8] Undefined index: loc_loc D:\wwwroot\muge\Application\Runtime\Cache\Home\d63a3f1d6ee89fdd0510bbf57e116ae7.php 第 60 行.
NOTIC: [8] Undefined index: loc_loc D:\wwwroot\muge\Application\Runtime\Cache\Home\d63a3f1d6ee89fdd0510bbf57e116ae7.php 第 60 行.
NOTIC: [8] Undefined index: loc_loc D:\wwwroot\muge\Application\Runtime\Cache\Home\d63a3f1d6ee89fdd0510bbf57e116ae7.php 第 60 行.
NOTIC: [8] Undefined index: loc_loc D:\wwwroot\muge\Application\Runtime\Cache\Home\d63a3f1d6ee89fdd0510bbf57e116ae7.php 第 60 行.
NOTIC: [8] Undefined index: loc_loc D:\wwwroot\muge\Application\Runtime\Cache\Home\d63a3f1d6ee89fdd0510bbf57e116ae7.php 第 60 行.
NOTIC: [8] Undefined index: loc_loc D:\wwwroot\muge\Application\Runtime\Cache\Home\d63a3f1d6ee89fdd0510bbf57e116ae7.php 第 60 行.
INFO: Run Behavior\ParseTemplateBehavior [ RunTime:0.045003s ]
INFO: [ view_parse ] --END-- [ RunTime:0.046003s ]
INFO: [ view_filter ] --START--
INFO: Run Behavior\WriteHtmlCacheBehavior [ RunTime:0.004000s ]
INFO: [ view_filter ] --END-- [ RunTime:0.004000s ]
INFO: [ app_end ] --START--
INFO: Run Behavior\ShowPageTraceBehavior [ RunTime:0.006000s ]
INFO: [ app_end ] --END-- [ RunTime:0.006000s ]

[ 2017-07-04T15:51:33+08:00 ] 106.91.205.228 /muge/index.php/Home/aboutmuge/img/qux.jpg
INFO: [ app_init ] --START--
INFO: Run Behavior\BuildLiteBehavior [ RunTime:0.001000s ]
INFO: [ app_init ] --END-- [ RunTime:0.001000s ]

[ 2017-07-04T15:51:33+08:00 ] 106.91.205.228 /muge/index.php/Home/foot/foot.html
INFO: [ app_init ] --START--
INFO: Run Behavior\BuildLiteBehavior [ RunTime:0.000000s ]
INFO: [ app_init ] --END-- [ RunTime:0.000000s ]
INFO: [ app_begin ] --START--
INFO: Run Behavior\ReadHtmlCacheBehavior [ RunTime:0.007001s ]
INFO: [ app_begin ] --END-- [ RunTime:0.007001s ]
SQL: SHOW COLUMNS FROM `gw_nav` [ RunTime:0.0040s ]
SQL: SELECT * FROM `gw_nav` WHERE ( nav_level=0 )  [ RunTime:0.0010s ]
SQL: SELECT * FROM `gw_nav` WHERE ( nav_level=1 )  [ RunTime:0.0010s ]
INFO: [ view_parse ] --START--
INFO: [ template_filter ] --START--
INFO: Run Behavior\ContentReplaceBehavior [ RunTime:0.000000s ]
INFO: [ template_filter ] --END-- [ RunTime:0.000000s ]
INFO: Run Behavior\ParseTemplateBehavior [ RunTime:0.038002s ]
INFO: [ view_parse ] --END-- [ RunTime:0.038002s ]
INFO: [ view_filter ] --START--
INFO: Run Behavior\WriteHtmlCacheBehavior [ RunTime:0.004000s ]
INFO: [ view_filter ] --END-- [ RunTime:0.005000s ]
INFO: [ app_end ] --START--
INFO: Run Behavior\ShowPageTraceBehavior [ RunTime:0.006001s ]
INFO: [ app_end ] --END-- [ RunTime:0.006001s ]

[ 2017-07-04T15:51:48+08:00 ] 106.91.205.228 /muge/
INFO: [ app_init ] --START--
INFO: Run Behavior\BuildLiteBehavior [ RunTime:0.000000s ]
INFO: [ app_init ] --END-- [ RunTime:0.000000s ]
INFO: [ app_begin ] --START--
INFO: Run Behavior\ReadHtmlCacheBehavior [ RunTime:0.005000s ]
INFO: [ app_begin ] --END-- [ RunTime:0.007000s ]
SQL: SHOW COLUMNS FROM `gw_nav` [ RunTime:0.0030s ]
SQL: SELECT * FROM `gw_nav` WHERE ( nav_level=0 )  [ RunTime:0.0010s ]
SQL: SELECT * FROM `gw_nav` WHERE ( nav_level=1 )  [ RunTime:0.0000s ]
SQL: SHOW COLUMNS FROM `gw_news` [ RunTime:0.0030s ]
SQL: SELECT * FROM `gw_news` LIMIT 0,4   [ RunTime:0.0010s ]
SQL: SHOW COLUMNS FROM `gw_rjgn` [ RunTime:0.0030s ]
SQL: SELECT * FROM `gw_rjgn` WHERE ( rjtype_id=1 )  [ RunTime:0.0000s ]
SQL: SHOW COLUMNS FROM `gw_call` [ RunTime:0.0010s ]
SQL: SELECT * FROM `gw_call` LIMIT 1   [ RunTime:0.0010s ]
SQL: SHOW COLUMNS FROM `gw_inc` [ RunTime:0.0020s ]
SQL: SELECT * FROM `gw_inc`  [ RunTime:0.0000s ]
SQL: SHOW COLUMNS FROM `gw_map` [ RunTime:0.0020s ]
SQL: SELECT * FROM `gw_map` LIMIT 1   [ RunTime:0.0000s ]
INFO: [ view_parse ] --START--
INFO: [ template_filter ] --START--
INFO: Run Behavior\ContentReplaceBehavior [ RunTime:0.000000s ]
INFO: [ template_filter ] --END-- [ RunTime:0.000000s ]
INFO: Run Behavior\ParseTemplateBehavior [ RunTime:0.072005s ]
INFO: [ view_parse ] --END-- [ RunTime:0.074005s ]
INFO: [ view_filter ] --START--
INFO: Run Behavior\WriteHtmlCacheBehavior [ RunTime:0.004000s ]
INFO: [ view_filter ] --END-- [ RunTime:0.004000s ]
INFO: [ app_end ] --START--
INFO: Run Behavior\ShowPageTraceBehavior [ RunTime:0.005000s ]
INFO: [ app_end ] --END-- [ RunTime:0.005000s ]

[ 2017-07-04T15:51:50+08:00 ] 106.91.205.228 /muge/index.php/Home/foot/foot.html
INFO: [ app_init ] --START--
INFO: Run Behavior\BuildLiteBehavior [ RunTime:0.000000s ]
INFO: [ app_init ] --END-- [ RunTime:0.000000s ]
INFO: [ app_begin ] --START--
INFO: Run Behavior\ReadHtmlCacheBehavior [ RunTime:0.005000s ]
INFO: [ app_begin ] --END-- [ RunTime:0.005000s ]
SQL: SHOW COLUMNS FROM `gw_nav` [ RunTime:0.0020s ]
SQL: SELECT * FROM `gw_nav` WHERE ( nav_level=0 )  [ RunTime:0.0000s ]
SQL: SELECT * FROM `gw_nav` WHERE ( nav_level=1 )  [ RunTime:0.0000s ]
INFO: [ view_parse ] --START--
INFO: [ template_filter ] --START--
INFO: Run Behavior\ContentReplaceBehavior [ RunTime:0.000000s ]
INFO: [ template_filter ] --END-- [ RunTime:0.000000s ]
INFO: Run Behavior\ParseTemplateBehavior [ RunTime:0.019001s ]
INFO: [ view_parse ] --END-- [ RunTime:0.019001s ]
INFO: [ view_filter ] --START--
INFO: Run Behavior\WriteHtmlCacheBehavior [ RunTime:0.003000s ]
INFO: [ view_filter ] --END-- [ RunTime:0.004000s ]
INFO: [ app_end ] --START--
INFO: Run Behavior\ShowPageTraceBehavior [ RunTime:0.003000s ]
INFO: [ app_end ] --END-- [ RunTime:0.004000s ]

[ 2017-07-04T15:54:37+08:00 ] 106.91.205.228 /muge/index.php/Home/aboutmuge/showlist.html
INFO: [ app_init ] --START--
INFO: Run Behavior\BuildLiteBehavior [ RunTime:0.001000s ]
INFO: [ app_init ] --END-- [ RunTime:0.001000s ]
INFO: [ app_begin ] --START--
INFO: Run Behavior\ReadHtmlCacheBehavior [ RunTime:0.005000s ]
INFO: [ app_begin ] --END-- [ RunTime:0.005000s ]
SQL: SHOW COLUMNS FROM `gw_nav` [ RunTime:0.0030s ]
SQL: SELECT * FROM `gw_nav` WHERE ( nav_level=0 )  [ RunTime:0.0030s ]
SQL: SELECT * FROM `gw_nav` WHERE ( nav_level=1 )  [ RunTime:0.0010s ]
SQL: SHOW COLUMNS FROM `gw_rjgn` [ RunTime:0.0030s ]
SQL: SELECT * FROM `gw_rjgn` WHERE ( rjtype_id=2 )  [ RunTime:0.0010s ]
SQL: SHOW COLUMNS FROM `gw_inc` [ RunTime:0.0020s ]
SQL: SELECT * FROM `gw_inc`  [ RunTime:0.0020s ]
INFO: [ view_parse ] --START--
INFO: [ template_filter ] --START--
INFO: Run Behavior\ContentReplaceBehavior [ RunTime:0.000000s ]
INFO: [ template_filter ] --END-- [ RunTime:0.000000s ]
NOTIC: [8] Undefined index: loc_loc D:\wwwroot\muge\Application\Runtime\Cache\Home\d63a3f1d6ee89fdd0510bbf57e116ae7.php 第 60 行.
NOTIC: [8] Undefined index: loc_loc D:\wwwroot\muge\Application\Runtime\Cache\Home\d63a3f1d6ee89fdd0510bbf57e116ae7.php 第 60 行.
NOTIC: [8] Undefined index: loc_loc D:\wwwroot\muge\Application\Runtime\Cache\Home\d63a3f1d6ee89fdd0510bbf57e116ae7.php 第 60 行.
NOTIC: [8] Undefined index: loc_loc D:\wwwroot\muge\Application\Runtime\Cache\Home\d63a3f1d6ee89fdd0510bbf57e116ae7.php 第 60 行.
NOTIC: [8] Undefined index: loc_loc D:\wwwroot\muge\Application\Runtime\Cache\Home\d63a3f1d6ee89fdd0510bbf57e116ae7.php 第 60 行.
NOTIC: [8] Undefined index: loc_loc D:\wwwroot\muge\Application\Runtime\Cache\Home\d63a3f1d6ee89fdd0510bbf57e116ae7.php 第 60 行.
NOTIC: [8] Undefined index: loc_loc D:\wwwroot\muge\Application\Runtime\Cache\Home\d63a3f1d6ee89fdd0510bbf57e116ae7.php 第 60 行.
NOTIC: [8] Undefined index: loc_loc D:\wwwroot\muge\Application\Runtime\Cache\Home\d63a3f1d6ee89fdd0510bbf57e116ae7.php 第 60 行.
NOTIC: [8] Undefined index: loc_loc D:\wwwroot\muge\Application\Runtime\Cache\Home\d63a3f1d6ee89fdd0510bbf57e116ae7.php 第 60 行.
NOTIC: [8] Undefined index: loc_loc D:\wwwroot\muge\Application\Runtime\Cache\Home\d63a3f1d6ee89fdd0510bbf57e116ae7.php 第 60 行.
INFO: Run Behavior\ParseTemplateBehavior [ RunTime:0.044002s ]
INFO: [ view_parse ] --END-- [ RunTime:0.044002s ]
INFO: [ view_filter ] --START--
INFO: Run Behavior\WriteHtmlCacheBehavior [ RunTime:0.004000s ]
INFO: [ view_filter ] --END-- [ RunTime:0.004000s ]
INFO: [ app_end ] --START--
INFO: Run Behavior\ShowPageTraceBehavior [ RunTime:0.006001s ]
INFO: [ app_end ] --END-- [ RunTime:0.006001s ]

[ 2017-07-04T15:54:38+08:00 ] 106.91.205.228 /muge/index.php/Home/aboutmuge/img/qux.jpg
INFO: [ app_init ] --START--
INFO: Run Behavior\BuildLiteBehavior [ RunTime:0.000000s ]
INFO: [ app_init ] --END-- [ RunTime:0.000000s ]

[ 2017-07-04T15:54:38+08:00 ] 106.91.205.228 /muge/index.php/Home/foot/foot.html
INFO: [ app_init ] --START--
INFO: Run Behavior\BuildLiteBehavior [ RunTime:0.000000s ]
INFO: [ app_init ] --END-- [ RunTime:0.000000s ]
INFO: [ app_begin ] --START--
INFO: Run Behavior\ReadHtmlCacheBehavior [ RunTime:0.006001s ]
INFO: [ app_begin ] --END-- [ RunTime:0.006001s ]
SQL: SHOW COLUMNS FROM `gw_nav` [ RunTime:0.0020s ]
SQL: SELECT * FROM `gw_nav` WHERE ( nav_level=0 )  [ RunTime:0.0010s ]
SQL: SELECT * FROM `gw_nav` WHERE ( nav_level=1 )  [ RunTime:0.0000s ]
INFO: [ view_parse ] --START--
INFO: [ template_filter ] --START--
INFO: Run Behavior\ContentReplaceBehavior [ RunTime:0.000000s ]
INFO: [ template_filter ] --END-- [ RunTime:0.000000s ]
INFO: Run Behavior\ParseTemplateBehavior [ RunTime:0.038002s ]
INFO: [ view_parse ] --END-- [ RunTime:0.038002s ]
INFO: [ view_filter ] --START--
INFO: Run Behavior\WriteHtmlCacheBehavior [ RunTime:0.004000s ]
INFO: [ view_filter ] --END-- [ RunTime:0.004000s ]
INFO: [ app_end ] --START--
INFO: Run Behavior\ShowPageTraceBehavior [ RunTime:0.004001s ]
INFO: [ app_end ] --END-- [ RunTime:0.004001s ]

