[ 2017-07-07T02:24:01+08:00 ] 223.73.136.121 /index.php/Home/foot/foot.html
INFO: [ app_init ] --START--
INFO: Run Behavior\BuildLiteBehavior [ RunTime:0.000000s ]
INFO: [ app_init ] --END-- [ RunTime:0.000000s ]
INFO: [ app_begin ] --START--
INFO: Run Behavior\ReadHtmlCacheBehavior [ RunTime:0.000000s ]
INFO: [ app_begin ] --END-- [ RunTime:0.000000s ]
SQL: SHOW COLUMNS FROM `gw_rjgn` [ RunTime:0.0630s ]
SQL: SELECT * FROM `gw_rjgn` WHERE ( rjtype_id=7 ) LIMIT 1   [ RunTime:0.0080s ]
SQL: SHOW COLUMNS FROM `gw_nav` [ RunTime:0.0080s ]
SQL: SELECT * FROM `gw_nav` WHERE ( nav_level=0 )  [ RunTime:0.0000s ]
SQL: SELECT * FROM `gw_nav` WHERE ( nav_level=1 )  [ RunTime:0.0000s ]
INFO: [ view_parse ] --START--
INFO: [ template_filter ] --START--
INFO: Run Behavior\ContentReplaceBehavior [ RunTime:0.000000s ]
INFO: [ template_filter ] --END-- [ RunTime:0.000000s ]
INFO: Run Behavior\ParseTemplateBehavior [ RunTime:0.025001s ]
INFO: [ view_parse ] --END-- [ RunTime:0.025001s ]
INFO: [ view_filter ] --START--
INFO: Run Behavior\WriteHtmlCacheBehavior [ RunTime:0.003000s ]
INFO: [ view_filter ] --END-- [ RunTime:0.003000s ]
INFO: [ app_end ] --START--
INFO: Run Behavior\ShowPageTraceBehavior [ RunTime:0.003001s ]
INFO: [ app_end ] --END-- [ RunTime:0.003001s ]

[ 2017-07-07T07:32:14+08:00 ] 27.151.73.219 /
INFO: [ app_init ] --START--
INFO: Run Behavior\BuildLiteBehavior [ RunTime:0.000000s ]
INFO: [ app_init ] --END-- [ RunTime:0.000000s ]
INFO: [ app_begin ] --START--
INFO: Run Behavior\ReadHtmlCacheBehavior [ RunTime:0.004000s ]
INFO: [ app_begin ] --END-- [ RunTime:0.004000s ]
SQL: SHOW COLUMNS FROM `gw_nav` [ RunTime:0.0030s ]
SQL: SELECT * FROM `gw_nav` WHERE ( nav_level=0 )  [ RunTime:0.0000s ]
SQL: SELECT * FROM `gw_nav` WHERE ( nav_level=1 )  [ RunTime:0.0010s ]
SQL: SHOW COLUMNS FROM `gw_news` [ RunTime:0.0020s ]
SQL: SELECT * FROM `gw_news` LIMIT 0,4   [ RunTime:0.0000s ]
SQL: SHOW COLUMNS FROM `gw_rjgn` [ RunTime:0.0010s ]
SQL: SELECT * FROM `gw_rjgn` WHERE ( rjtype_id=1 )  [ RunTime:0.0000s ]
SQL: SHOW COLUMNS FROM `gw_call` [ RunTime:0.0020s ]
SQL: SELECT * FROM `gw_call` LIMIT 1   [ RunTime:0.0000s ]
SQL: SHOW COLUMNS FROM `gw_inc` [ RunTime:0.0020s ]
SQL: SELECT * FROM `gw_inc`  [ RunTime:0.0020s ]
SQL: SHOW COLUMNS FROM `gw_map` [ RunTime:0.0020s ]
SQL: SELECT * FROM `gw_map` LIMIT 1   [ RunTime:0.0010s ]
INFO: [ view_parse ] --START--
INFO: [ template_filter ] --START--
INFO: Run Behavior\ContentReplaceBehavior [ RunTime:0.000000s ]
INFO: [ template_filter ] --END-- [ RunTime:0.000000s ]
INFO: Run Behavior\ParseTemplateBehavior [ RunTime:0.049003s ]
INFO: [ view_parse ] --END-- [ RunTime:0.049003s ]
INFO: [ view_filter ] --START--
INFO: Run Behavior\WriteHtmlCacheBehavior [ RunTime:0.002000s ]
INFO: [ view_filter ] --END-- [ RunTime:0.002000s ]
INFO: [ app_end ] --START--
INFO: Run Behavior\ShowPageTraceBehavior [ RunTime:0.005000s ]
INFO: [ app_end ] --END-- [ RunTime:0.005000s ]

[ 2017-07-07T07:32:15+08:00 ] 27.151.73.219 //index.php/Home/contact/showlist
INFO: [ app_init ] --START--
INFO: Run Behavior\BuildLiteBehavior [ RunTime:0.000000s ]
INFO: [ app_init ] --END-- [ RunTime:0.000000s ]
INFO: [ app_begin ] --START--
INFO: Run Behavior\ReadHtmlCacheBehavior [ RunTime:0.005000s ]
INFO: [ app_begin ] --END-- [ RunTime:0.005000s ]
SQL: SHOW COLUMNS FROM `gw_nav` [ RunTime:0.0030s ]
SQL: SELECT * FROM `gw_nav` WHERE ( nav_level=0 )  [ RunTime:0.0000s ]
SQL: SELECT * FROM `gw_nav` WHERE ( nav_level=1 )  [ RunTime:0.0000s ]
SQL: SHOW COLUMNS FROM `gw_inc` [ RunTime:0.0020s ]
SQL: SELECT * FROM `gw_inc`  [ RunTime:0.0000s ]
SQL: SHOW COLUMNS FROM `gw_map` [ RunTime:0.0020s ]
SQL: SELECT * FROM `gw_map` LIMIT 1   [ RunTime:0.0000s ]
SQL: SHOW COLUMNS FROM `gw_call` [ RunTime:0.0010s ]
SQL: SELECT * FROM `gw_call` LIMIT 1   [ RunTime:0.0010s ]
INFO: [ view_parse ] --START--
INFO: [ template_filter ] --START--
INFO: Run Behavior\ContentReplaceBehavior [ RunTime:0.000000s ]
INFO: [ template_filter ] --END-- [ RunTime:0.000000s ]
INFO: Run Behavior\ParseTemplateBehavior [ RunTime:0.028002s ]
INFO: [ view_parse ] --END-- [ RunTime:0.028002s ]
INFO: [ view_filter ] --START--
INFO: Run Behavior\WriteHtmlCacheBehavior [ RunTime:0.003000s ]
INFO: [ view_filter ] --END-- [ RunTime:0.003000s ]
INFO: [ app_end ] --START--
INFO: Run Behavior\ShowPageTraceBehavior [ RunTime:0.004000s ]
INFO: [ app_end ] --END-- [ RunTime:0.004000s ]

[ 2017-07-07T07:37:08+08:00 ] 120.84.12.150 /
INFO: [ app_init ] --START--
INFO: Run Behavior\BuildLiteBehavior [ RunTime:0.001000s ]
INFO: [ app_init ] --END-- [ RunTime:0.001000s ]
INFO: [ app_begin ] --START--
INFO: Run Behavior\ReadHtmlCacheBehavior [ RunTime:0.004000s ]
INFO: [ app_begin ] --END-- [ RunTime:0.004000s ]
SQL: SHOW COLUMNS FROM `gw_nav` [ RunTime:0.0020s ]
SQL: SELECT * FROM `gw_nav` WHERE ( nav_level=0 )  [ RunTime:0.0000s ]
SQL: SELECT * FROM `gw_nav` WHERE ( nav_level=1 )  [ RunTime:0.0010s ]
SQL: SHOW COLUMNS FROM `gw_news` [ RunTime:0.0020s ]
SQL: SELECT * FROM `gw_news` LIMIT 0,4   [ RunTime:0.0000s ]
SQL: SHOW COLUMNS FROM `gw_rjgn` [ RunTime:0.0010s ]
SQL: SELECT * FROM `gw_rjgn` WHERE ( rjtype_id=1 )  [ RunTime:0.0010s ]
SQL: SHOW COLUMNS FROM `gw_call` [ RunTime:0.0010s ]
SQL: SELECT * FROM `gw_call` LIMIT 1   [ RunTime:0.0000s ]
SQL: SHOW COLUMNS FROM `gw_inc` [ RunTime:0.0010s ]
SQL: SELECT * FROM `gw_inc`  [ RunTime:0.0000s ]
SQL: SHOW COLUMNS FROM `gw_map` [ RunTime:0.0010s ]
SQL: SELECT * FROM `gw_map` LIMIT 1   [ RunTime:0.0010s ]
INFO: [ view_parse ] --START--
INFO: [ template_filter ] --START--
INFO: Run Behavior\ContentReplaceBehavior [ RunTime:0.001000s ]
INFO: [ template_filter ] --END-- [ RunTime:0.001000s ]
INFO: Run Behavior\ParseTemplateBehavior [ RunTime:0.060004s ]
INFO: [ view_parse ] --END-- [ RunTime:0.061004s ]
INFO: [ view_filter ] --START--
INFO: Run Behavior\WriteHtmlCacheBehavior [ RunTime:0.003000s ]
INFO: [ view_filter ] --END-- [ RunTime:0.003000s ]
INFO: [ app_end ] --START--
INFO: Run Behavior\ShowPageTraceBehavior [ RunTime:0.003000s ]
INFO: [ app_end ] --END-- [ RunTime:0.004000s ]

[ 2017-07-07T07:37:08+08:00 ] 123.151.42.48 /
INFO: [ app_init ] --START--
INFO: Run Behavior\BuildLiteBehavior [ RunTime:0.000000s ]
INFO: [ app_init ] --END-- [ RunTime:0.000000s ]
INFO: [ app_begin ] --START--
INFO: Run Behavior\ReadHtmlCacheBehavior [ RunTime:0.003000s ]
INFO: [ app_begin ] --END-- [ RunTime:0.003000s ]
SQL: SHOW COLUMNS FROM `gw_nav` [ RunTime:0.0020s ]
SQL: SELECT * FROM `gw_nav` WHERE ( nav_level=0 )  [ RunTime:0.0000s ]
SQL: SELECT * FROM `gw_nav` WHERE ( nav_level=1 )  [ RunTime:0.0000s ]
SQL: SHOW COLUMNS FROM `gw_news` [ RunTime:0.0010s ]
SQL: SELECT * FROM `gw_news` LIMIT 0,4   [ RunTime:0.0000s ]
SQL: SHOW COLUMNS FROM `gw_rjgn` [ RunTime:0.0020s ]
SQL: SELECT * FROM `gw_rjgn` WHERE ( rjtype_id=1 )  [ RunTime:0.0000s ]
SQL: SHOW COLUMNS FROM `gw_call` [ RunTime:0.0010s ]
SQL: SELECT * FROM `gw_call` LIMIT 1   [ RunTime:0.0010s ]
SQL: SHOW COLUMNS FROM `gw_inc` [ RunTime:0.0020s ]
SQL: SELECT * FROM `gw_inc`  [ RunTime:0.0000s ]
SQL: SHOW COLUMNS FROM `gw_map` [ RunTime:0.0020s ]
SQL: SELECT * FROM `gw_map` LIMIT 1   [ RunTime:0.0000s ]
INFO: [ view_parse ] --START--
INFO: [ template_filter ] --START--
INFO: Run Behavior\ContentReplaceBehavior [ RunTime:0.000000s ]
INFO: [ template_filter ] --END-- [ RunTime:0.000000s ]
INFO: Run Behavior\ParseTemplateBehavior [ RunTime:0.058004s ]
INFO: [ view_parse ] --END-- [ RunTime:0.058004s ]
INFO: [ view_filter ] --START--
INFO: Run Behavior\WriteHtmlCacheBehavior [ RunTime:0.003000s ]
INFO: [ view_filter ] --END-- [ RunTime:0.003000s ]
INFO: [ app_end ] --START--
INFO: Run Behavior\ShowPageTraceBehavior [ RunTime:0.000000s ]
INFO: [ app_end ] --END-- [ RunTime:0.000000s ]

[ 2017-07-07T07:37:09+08:00 ] 120.84.12.150 /index.php/Home/foot/foot.html
INFO: [ app_init ] --START--
INFO: Run Behavior\BuildLiteBehavior [ RunTime:0.000000s ]
INFO: [ app_init ] --END-- [ RunTime:0.000000s ]
INFO: [ app_begin ] --START--
INFO: Run Behavior\ReadHtmlCacheBehavior [ RunTime:0.002000s ]
INFO: [ app_begin ] --END-- [ RunTime:0.002000s ]
SQL: SHOW COLUMNS FROM `gw_rjgn` [ RunTime:0.0020s ]
SQL: SELECT * FROM `gw_rjgn` WHERE ( rjtype_id=7 ) LIMIT 1   [ RunTime:0.0000s ]
SQL: SHOW COLUMNS FROM `gw_nav` [ RunTime:0.0020s ]
SQL: SELECT * FROM `gw_nav` WHERE ( nav_level=0 )  [ RunTime:0.0010s ]
SQL: SELECT * FROM `gw_nav` WHERE ( nav_level=1 )  [ RunTime:0.0000s ]
INFO: [ view_parse ] --START--
INFO: [ template_filter ] --START--
INFO: Run Behavior\ContentReplaceBehavior [ RunTime:0.001000s ]
INFO: [ template_filter ] --END-- [ RunTime:0.001000s ]
INFO: Run Behavior\ParseTemplateBehavior [ RunTime:0.027001s ]
INFO: [ view_parse ] --END-- [ RunTime:0.027001s ]
INFO: [ view_filter ] --START--
INFO: Run Behavior\WriteHtmlCacheBehavior [ RunTime:0.002000s ]
INFO: [ view_filter ] --END-- [ RunTime:0.003000s ]
INFO: [ app_end ] --START--
INFO: Run Behavior\ShowPageTraceBehavior [ RunTime:0.004001s ]
INFO: [ app_end ] --END-- [ RunTime:0.004001s ]

[ 2017-07-07T07:37:10+08:00 ] 123.151.42.48 /index.php/Home/foot/foot.html
INFO: [ app_init ] --START--
INFO: Run Behavior\BuildLiteBehavior [ RunTime:0.000000s ]
INFO: [ app_init ] --END-- [ RunTime:0.000000s ]
INFO: [ app_begin ] --START--
INFO: Run Behavior\ReadHtmlCacheBehavior [ RunTime:0.004000s ]
INFO: [ app_begin ] --END-- [ RunTime:0.004000s ]
SQL: SHOW COLUMNS FROM `gw_rjgn` [ RunTime:0.0020s ]
SQL: SELECT * FROM `gw_rjgn` WHERE ( rjtype_id=7 ) LIMIT 1   [ RunTime:0.0010s ]
SQL: SHOW COLUMNS FROM `gw_nav` [ RunTime:0.0020s ]
SQL: SELECT * FROM `gw_nav` WHERE ( nav_level=0 )  [ RunTime:0.0010s ]
SQL: SELECT * FROM `gw_nav` WHERE ( nav_level=1 )  [ RunTime:0.0000s ]
INFO: [ view_parse ] --START--
INFO: [ template_filter ] --START--
INFO: Run Behavior\ContentReplaceBehavior [ RunTime:0.000000s ]
INFO: [ template_filter ] --END-- [ RunTime:0.001000s ]
INFO: Run Behavior\ParseTemplateBehavior [ RunTime:0.028001s ]
INFO: [ view_parse ] --END-- [ RunTime:0.028001s ]
INFO: [ view_filter ] --START--
INFO: Run Behavior\WriteHtmlCacheBehavior [ RunTime:0.003001s ]
INFO: [ view_filter ] --END-- [ RunTime:0.004001s ]
INFO: [ app_end ] --START--
INFO: Run Behavior\ShowPageTraceBehavior [ RunTime:0.003000s ]
INFO: [ app_end ] --END-- [ RunTime:0.003000s ]

[ 2017-07-07T07:37:19+08:00 ] 140.207.185.109 /index.php/Home/foot/foot.html
INFO: [ app_init ] --START--
INFO: Run Behavior\BuildLiteBehavior [ RunTime:0.001000s ]
INFO: [ app_init ] --END-- [ RunTime:0.001000s ]
INFO: [ app_begin ] --START--
INFO: Run Behavior\ReadHtmlCacheBehavior [ RunTime:0.004000s ]
INFO: [ app_begin ] --END-- [ RunTime:0.005001s ]
SQL: SHOW COLUMNS FROM `gw_rjgn` [ RunTime:0.0030s ]
SQL: SELECT * FROM `gw_rjgn` WHERE ( rjtype_id=7 ) LIMIT 1   [ RunTime:0.0000s ]
SQL: SHOW COLUMNS FROM `gw_nav` [ RunTime:0.0020s ]
SQL: SELECT * FROM `gw_nav` WHERE ( nav_level=0 )  [ RunTime:0.0010s ]
SQL: SELECT * FROM `gw_nav` WHERE ( nav_level=1 )  [ RunTime:0.0010s ]
INFO: [ view_parse ] --START--
INFO: [ template_filter ] --START--
INFO: Run Behavior\ContentReplaceBehavior [ RunTime:0.000000s ]
INFO: [ template_filter ] --END-- [ RunTime:0.000000s ]
INFO: Run Behavior\ParseTemplateBehavior [ RunTime:0.033002s ]
INFO: [ view_parse ] --END-- [ RunTime:0.034002s ]
INFO: [ view_filter ] --START--
INFO: Run Behavior\WriteHtmlCacheBehavior [ RunTime:0.003000s ]
INFO: [ view_filter ] --END-- [ RunTime:0.003000s ]
INFO: [ app_end ] --START--
INFO: Run Behavior\ShowPageTraceBehavior [ RunTime:0.005001s ]
INFO: [ app_end ] --END-- [ RunTime:0.005001s ]

[ 2017-07-07T07:37:33+08:00 ] 120.84.12.150 /index.php/Home/Aboutmuge/showlist
INFO: [ app_init ] --START--
INFO: Run Behavior\BuildLiteBehavior [ RunTime:0.000000s ]
INFO: [ app_init ] --END-- [ RunTime:0.000000s ]
INFO: [ app_begin ] --START--
INFO: Run Behavior\ReadHtmlCacheBehavior [ RunTime:0.002000s ]
INFO: [ app_begin ] --END-- [ RunTime:0.002000s ]
SQL: SHOW COLUMNS FROM `gw_nav` [ RunTime:0.0020s ]
SQL: SELECT * FROM `gw_nav` WHERE ( nav_level=0 )  [ RunTime:0.0010s ]
SQL: SELECT * FROM `gw_nav` WHERE ( nav_level=1 )  [ RunTime:0.0010s ]
SQL: SHOW COLUMNS FROM `gw_rjgn` [ RunTime:0.0020s ]
SQL: SELECT * FROM `gw_rjgn` WHERE ( rjtype_id=2 )  [ RunTime:0.0010s ]
SQL: SHOW COLUMNS FROM `gw_inc` [ RunTime:0.0010s ]
SQL: SELECT * FROM `gw_inc`  [ RunTime:0.0000s ]
INFO: [ view_parse ] --START--
INFO: [ template_filter ] --START--
INFO: Run Behavior\ContentReplaceBehavior [ RunTime:0.000000s ]
INFO: [ template_filter ] --END-- [ RunTime:0.000000s ]
NOTIC: [8] Undefined index: loc_loc D:\wwwroot\muge\Application\Runtime\Cache\Home\d63a3f1d6ee89fdd0510bbf57e116ae7.php 第 60 行.
NOTIC: [8] Undefined index: loc_loc D:\wwwroot\muge\Application\Runtime\Cache\Home\d63a3f1d6ee89fdd0510bbf57e116ae7.php 第 60 行.
NOTIC: [8] Undefined index: loc_loc D:\wwwroot\muge\Application\Runtime\Cache\Home\d63a3f1d6ee89fdd0510bbf57e116ae7.php 第 60 行.
NOTIC: [8] Undefined index: loc_loc D:\wwwroot\muge\Application\Runtime\Cache\Home\d63a3f1d6ee89fdd0510bbf57e116ae7.php 第 60 行.
NOTIC: [8] Undefined index: loc_loc D:\wwwroot\muge\Application\Runtime\Cache\Home\d63a3f1d6ee89fdd0510bbf57e116ae7.php 第 60 行.
NOTIC: [8] Undefined index: loc_loc D:\wwwroot\muge\Application\Runtime\Cache\Home\d63a3f1d6ee89fdd0510bbf57e116ae7.php 第 60 行.
NOTIC: [8] Undefined index: loc_loc D:\wwwroot\muge\Application\Runtime\Cache\Home\d63a3f1d6ee89fdd0510bbf57e116ae7.php 第 60 行.
NOTIC: [8] Undefined index: loc_loc D:\wwwroot\muge\Application\Runtime\Cache\Home\d63a3f1d6ee89fdd0510bbf57e116ae7.php 第 60 行.
NOTIC: [8] Undefined index: loc_loc D:\wwwroot\muge\Application\Runtime\Cache\Home\d63a3f1d6ee89fdd0510bbf57e116ae7.php 第 60 行.
NOTIC: [8] Undefined index: loc_loc D:\wwwroot\muge\Application\Runtime\Cache\Home\d63a3f1d6ee89fdd0510bbf57e116ae7.php 第 60 行.
INFO: Run Behavior\ParseTemplateBehavior [ RunTime:0.032002s ]
INFO: [ view_parse ] --END-- [ RunTime:0.032002s ]
INFO: [ view_filter ] --START--
INFO: Run Behavior\WriteHtmlCacheBehavior [ RunTime:0.002000s ]
INFO: [ view_filter ] --END-- [ RunTime:0.002000s ]
INFO: [ app_end ] --START--
INFO: Run Behavior\ShowPageTraceBehavior [ RunTime:0.004000s ]
INFO: [ app_end ] --END-- [ RunTime:0.004000s ]

[ 2017-07-07T07:37:33+08:00 ] 120.84.12.150 /index.php/Home/foot/foot.html
INFO: [ app_init ] --START--
INFO: Run Behavior\BuildLiteBehavior [ RunTime:0.000000s ]
INFO: [ app_init ] --END-- [ RunTime:0.000000s ]
INFO: [ app_begin ] --START--
INFO: Run Behavior\ReadHtmlCacheBehavior [ RunTime:0.003000s ]
INFO: [ app_begin ] --END-- [ RunTime:0.003000s ]
SQL: SHOW COLUMNS FROM `gw_rjgn` [ RunTime:0.0020s ]
SQL: SELECT * FROM `gw_rjgn` WHERE ( rjtype_id=7 ) LIMIT 1   [ RunTime:0.0000s ]
SQL: SHOW COLUMNS FROM `gw_nav` [ RunTime:0.0010s ]
SQL: SELECT * FROM `gw_nav` WHERE ( nav_level=0 )  [ RunTime:0.0000s ]
SQL: SELECT * FROM `gw_nav` WHERE ( nav_level=1 )  [ RunTime:0.0000s ]
INFO: [ view_parse ] --START--
INFO: [ template_filter ] --START--
INFO: Run Behavior\ContentReplaceBehavior [ RunTime:0.000000s ]
INFO: [ template_filter ] --END-- [ RunTime:0.000000s ]
INFO: Run Behavior\ParseTemplateBehavior [ RunTime:0.024002s ]
INFO: [ view_parse ] --END-- [ RunTime:0.024002s ]
INFO: [ view_filter ] --START--
INFO: Run Behavior\WriteHtmlCacheBehavior [ RunTime:0.003000s ]
INFO: [ view_filter ] --END-- [ RunTime:0.003000s ]
INFO: [ app_end ] --START--
INFO: Run Behavior\ShowPageTraceBehavior [ RunTime:0.003000s ]
INFO: [ app_end ] --END-- [ RunTime:0.003000s ]

[ 2017-07-07T07:37:34+08:00 ] 120.84.12.150 /index.php/Home/Aboutmuge/img/qux.jpg
INFO: [ app_init ] --START--
INFO: Run Behavior\BuildLiteBehavior [ RunTime:0.000000s ]
INFO: [ app_init ] --END-- [ RunTime:0.000000s ]

[ 2017-07-07T07:37:43+08:00 ] 101.226.33.201 /index.php/Home/Aboutmuge/showlist
INFO: [ app_init ] --START--
INFO: Run Behavior\BuildLiteBehavior [ RunTime:0.000000s ]
INFO: [ app_init ] --END-- [ RunTime:0.001000s ]
INFO: [ app_begin ] --START--
INFO: Run Behavior\ReadHtmlCacheBehavior [ RunTime:0.003000s ]
INFO: [ app_begin ] --END-- [ RunTime:0.003000s ]
SQL: SHOW COLUMNS FROM `gw_nav` [ RunTime:0.0020s ]
SQL: SELECT * FROM `gw_nav` WHERE ( nav_level=0 )  [ RunTime:0.0010s ]
SQL: SELECT * FROM `gw_nav` WHERE ( nav_level=1 )  [ RunTime:0.0010s ]
SQL: SHOW COLUMNS FROM `gw_rjgn` [ RunTime:0.0020s ]
SQL: SELECT * FROM `gw_rjgn` WHERE ( rjtype_id=2 )  [ RunTime:0.0000s ]
SQL: SHOW COLUMNS FROM `gw_inc` [ RunTime:0.0010s ]
SQL: SELECT * FROM `gw_inc`  [ RunTime:0.0000s ]
INFO: [ view_parse ] --START--
INFO: [ template_filter ] --START--
INFO: Run Behavior\ContentReplaceBehavior [ RunTime:0.000000s ]
INFO: [ template_filter ] --END-- [ RunTime:0.000000s ]
NOTIC: [8] Undefined index: loc_loc D:\wwwroot\muge\Application\Runtime\Cache\Home\d63a3f1d6ee89fdd0510bbf57e116ae7.php 第 60 行.
NOTIC: [8] Undefined index: loc_loc D:\wwwroot\muge\Application\Runtime\Cache\Home\d63a3f1d6ee89fdd0510bbf57e116ae7.php 第 60 行.
NOTIC: [8] Undefined index: loc_loc D:\wwwroot\muge\Application\Runtime\Cache\Home\d63a3f1d6ee89fdd0510bbf57e116ae7.php 第 60 行.
NOTIC: [8] Undefined index: loc_loc D:\wwwroot\muge\Application\Runtime\Cache\Home\d63a3f1d6ee89fdd0510bbf57e116ae7.php 第 60 行.
NOTIC: [8] Undefined index: loc_loc D:\wwwroot\muge\Application\Runtime\Cache\Home\d63a3f1d6ee89fdd0510bbf57e116ae7.php 第 60 行.
NOTIC: [8] Undefined index: loc_loc D:\wwwroot\muge\Application\Runtime\Cache\Home\d63a3f1d6ee89fdd0510bbf57e116ae7.php 第 60 行.
NOTIC: [8] Undefined index: loc_loc D:\wwwroot\muge\Application\Runtime\Cache\Home\d63a3f1d6ee89fdd0510bbf57e116ae7.php 第 60 行.
NOTIC: [8] Undefined index: loc_loc D:\wwwroot\muge\Application\Runtime\Cache\Home\d63a3f1d6ee89fdd0510bbf57e116ae7.php 第 60 行.
NOTIC: [8] Undefined index: loc_loc D:\wwwroot\muge\Application\Runtime\Cache\Home\d63a3f1d6ee89fdd0510bbf57e116ae7.php 第 60 行.
NOTIC: [8] Undefined index: loc_loc D:\wwwroot\muge\Application\Runtime\Cache\Home\d63a3f1d6ee89fdd0510bbf57e116ae7.php 第 60 行.
INFO: Run Behavior\ParseTemplateBehavior [ RunTime:0.031002s ]
INFO: [ view_parse ] --END-- [ RunTime:0.031002s ]
INFO: [ view_filter ] --START--
INFO: Run Behavior\WriteHtmlCacheBehavior [ RunTime:0.003000s ]
INFO: [ view_filter ] --END-- [ RunTime:0.003000s ]
INFO: [ app_end ] --START--
INFO: Run Behavior\ShowPageTraceBehavior [ RunTime:0.004000s ]
INFO: [ app_end ] --END-- [ RunTime:0.004000s ]

[ 2017-07-07T07:37:43+08:00 ] 101.226.33.201 /index.php/Home/foot/foot.html
INFO: [ app_init ] --START--
INFO: Run Behavior\BuildLiteBehavior [ RunTime:0.000000s ]
INFO: [ app_init ] --END-- [ RunTime:0.000000s ]
INFO: [ app_begin ] --START--
INFO: Run Behavior\ReadHtmlCacheBehavior [ RunTime:0.003000s ]
INFO: [ app_begin ] --END-- [ RunTime:0.003000s ]
SQL: SHOW COLUMNS FROM `gw_rjgn` [ RunTime:0.0020s ]
SQL: SELECT * FROM `gw_rjgn` WHERE ( rjtype_id=7 ) LIMIT 1   [ RunTime:0.0000s ]
SQL: SHOW COLUMNS FROM `gw_nav` [ RunTime:0.0030s ]
SQL: SELECT * FROM `gw_nav` WHERE ( nav_level=0 )  [ RunTime:0.0000s ]
SQL: SELECT * FROM `gw_nav` WHERE ( nav_level=1 )  [ RunTime:0.0000s ]
INFO: [ view_parse ] --START--
INFO: [ template_filter ] --START--
INFO: Run Behavior\ContentReplaceBehavior [ RunTime:0.001000s ]
INFO: [ template_filter ] --END-- [ RunTime:0.001000s ]
INFO: Run Behavior\ParseTemplateBehavior [ RunTime:0.021002s ]
INFO: [ view_parse ] --END-- [ RunTime:0.021002s ]
INFO: [ view_filter ] --START--
INFO: Run Behavior\WriteHtmlCacheBehavior [ RunTime:0.002000s ]
INFO: [ view_filter ] --END-- [ RunTime:0.002000s ]
INFO: [ app_end ] --START--
INFO: Run Behavior\ShowPageTraceBehavior [ RunTime:0.003000s ]
INFO: [ app_end ] --END-- [ RunTime:0.003000s ]

[ 2017-07-07T09:18:05+08:00 ] 61.151.228.22 /muge/
INFO: [ app_init ] --START--
INFO: Run Behavior\BuildLiteBehavior [ RunTime:0.000000s ]
INFO: [ app_init ] --END-- [ RunTime:0.000000s ]
INFO: [ app_begin ] --START--
INFO: Run Behavior\ReadHtmlCacheBehavior [ RunTime:0.004001s ]
INFO: [ app_begin ] --END-- [ RunTime:0.004001s ]
SQL: SHOW COLUMNS FROM `gw_nav` [ RunTime:0.0030s ]
SQL: SELECT * FROM `gw_nav` WHERE ( nav_level=0 )  [ RunTime:0.0000s ]
SQL: SELECT * FROM `gw_nav` WHERE ( nav_level=1 )  [ RunTime:0.0000s ]
SQL: SHOW COLUMNS FROM `gw_news` [ RunTime:0.0020s ]
SQL: SELECT * FROM `gw_news` LIMIT 0,4   [ RunTime:0.0000s ]
SQL: SHOW COLUMNS FROM `gw_rjgn` [ RunTime:0.0020s ]
SQL: SELECT * FROM `gw_rjgn` WHERE ( rjtype_id=1 )  [ RunTime:0.0020s ]
SQL: SHOW COLUMNS FROM `gw_call` [ RunTime:0.0020s ]
SQL: SELECT * FROM `gw_call` LIMIT 1   [ RunTime:0.0000s ]
SQL: SHOW COLUMNS FROM `gw_inc` [ RunTime:0.0030s ]
SQL: SELECT * FROM `gw_inc`  [ RunTime:0.0000s ]
SQL: SHOW COLUMNS FROM `gw_map` [ RunTime:0.0020s ]
SQL: SELECT * FROM `gw_map` LIMIT 1   [ RunTime:0.0000s ]
INFO: [ view_parse ] --START--
INFO: [ template_filter ] --START--
INFO: Run Behavior\ContentReplaceBehavior [ RunTime:0.000000s ]
INFO: [ template_filter ] --END-- [ RunTime:0.000000s ]
INFO: Run Behavior\ParseTemplateBehavior [ RunTime:0.045002s ]
INFO: [ view_parse ] --END-- [ RunTime:0.045002s ]
INFO: [ view_filter ] --START--
INFO: Run Behavior\WriteHtmlCacheBehavior [ RunTime:0.002001s ]
INFO: [ view_filter ] --END-- [ RunTime:0.002001s ]
INFO: [ app_end ] --START--
INFO: Run Behavior\ShowPageTraceBehavior [ RunTime:0.002000s ]
INFO: [ app_end ] --END-- [ RunTime:0.002000s ]

[ 2017-07-07T09:18:06+08:00 ] 61.151.228.22 /muge/index.php/Home/foot/foot.html
INFO: [ app_init ] --START--
INFO: Run Behavior\BuildLiteBehavior [ RunTime:0.000000s ]
INFO: [ app_init ] --END-- [ RunTime:0.000000s ]
INFO: [ app_begin ] --START--
INFO: Run Behavior\ReadHtmlCacheBehavior [ RunTime:0.003000s ]
INFO: [ app_begin ] --END-- [ RunTime:0.003000s ]
SQL: SHOW COLUMNS FROM `gw_rjgn` [ RunTime:0.0010s ]
SQL: SELECT * FROM `gw_rjgn` WHERE ( rjtype_id=7 ) LIMIT 1   [ RunTime:0.0000s ]
SQL: SHOW COLUMNS FROM `gw_nav` [ RunTime:0.0010s ]
SQL: SELECT * FROM `gw_nav` WHERE ( nav_level=0 )  [ RunTime:0.0010s ]
SQL: SELECT * FROM `gw_nav` WHERE ( nav_level=1 )  [ RunTime:0.0000s ]
INFO: [ view_parse ] --START--
INFO: [ template_filter ] --START--
INFO: Run Behavior\ContentReplaceBehavior [ RunTime:0.000000s ]
INFO: [ template_filter ] --END-- [ RunTime:0.000000s ]
INFO: Run Behavior\ParseTemplateBehavior [ RunTime:0.023002s ]
INFO: [ view_parse ] --END-- [ RunTime:0.023002s ]
INFO: [ view_filter ] --START--
INFO: Run Behavior\WriteHtmlCacheBehavior [ RunTime:0.003000s ]
INFO: [ view_filter ] --END-- [ RunTime:0.003000s ]
INFO: [ app_end ] --START--
INFO: Run Behavior\ShowPageTraceBehavior [ RunTime:0.003000s ]
INFO: [ app_end ] --END-- [ RunTime:0.003000s ]

[ 2017-07-07T10:30:39+08:00 ] 204.44.65.210 /
INFO: [ app_init ] --START--
INFO: Run Behavior\BuildLiteBehavior [ RunTime:0.000000s ]
INFO: [ app_init ] --END-- [ RunTime:0.000000s ]
INFO: [ app_begin ] --START--
INFO: Run Behavior\ReadHtmlCacheBehavior [ RunTime:0.003001s ]
INFO: [ app_begin ] --END-- [ RunTime:0.003001s ]
SQL: SHOW COLUMNS FROM `gw_nav` [ RunTime:0.0020s ]
SQL: SELECT * FROM `gw_nav` WHERE ( nav_level=0 )  [ RunTime:0.0000s ]
SQL: SELECT * FROM `gw_nav` WHERE ( nav_level=1 )  [ RunTime:0.0000s ]
SQL: SHOW COLUMNS FROM `gw_news` [ RunTime:0.0030s ]
SQL: SELECT * FROM `gw_news` LIMIT 0,4   [ RunTime:0.0010s ]
SQL: SHOW COLUMNS FROM `gw_rjgn` [ RunTime:0.0020s ]
SQL: SELECT * FROM `gw_rjgn` WHERE ( rjtype_id=1 )  [ RunTime:0.0010s ]
SQL: SHOW COLUMNS FROM `gw_call` [ RunTime:0.0020s ]
SQL: SELECT * FROM `gw_call` LIMIT 1   [ RunTime:0.0000s ]
SQL: SHOW COLUMNS FROM `gw_inc` [ RunTime:0.0020s ]
SQL: SELECT * FROM `gw_inc`  [ RunTime:0.0000s ]
SQL: SHOW COLUMNS FROM `gw_map` [ RunTime:0.0010s ]
SQL: SELECT * FROM `gw_map` LIMIT 1   [ RunTime:0.0000s ]
INFO: [ view_parse ] --START--
INFO: [ template_filter ] --START--
INFO: Run Behavior\ContentReplaceBehavior [ RunTime:0.000000s ]
INFO: [ template_filter ] --END-- [ RunTime:0.000000s ]
INFO: Run Behavior\ParseTemplateBehavior [ RunTime:0.055003s ]
INFO: [ view_parse ] --END-- [ RunTime:0.055003s ]
INFO: [ view_filter ] --START--
INFO: Run Behavior\WriteHtmlCacheBehavior [ RunTime:0.003000s ]
INFO: [ view_filter ] --END-- [ RunTime:0.003000s ]
INFO: [ app_end ] --START--
INFO: Run Behavior\ShowPageTraceBehavior [ RunTime:0.004001s ]
INFO: [ app_end ] --END-- [ RunTime:0.004001s ]

[ 2017-07-07T10:30:41+08:00 ] 204.44.65.210 /index.php/Home/contact/showlist
INFO: [ app_init ] --START--
INFO: Run Behavior\BuildLiteBehavior [ RunTime:0.000000s ]
INFO: [ app_init ] --END-- [ RunTime:0.000000s ]
INFO: [ app_begin ] --START--
INFO: Run Behavior\ReadHtmlCacheBehavior [ RunTime:0.004000s ]
INFO: [ app_begin ] --END-- [ RunTime:0.004000s ]
SQL: SHOW COLUMNS FROM `gw_nav` [ RunTime:0.0020s ]
SQL: SELECT * FROM `gw_nav` WHERE ( nav_level=0 )  [ RunTime:0.0000s ]
SQL: SELECT * FROM `gw_nav` WHERE ( nav_level=1 )  [ RunTime:0.0010s ]
SQL: SHOW COLUMNS FROM `gw_inc` [ RunTime:0.0010s ]
SQL: SELECT * FROM `gw_inc`  [ RunTime:0.0000s ]
SQL: SHOW COLUMNS FROM `gw_map` [ RunTime:0.0020s ]
SQL: SELECT * FROM `gw_map` LIMIT 1   [ RunTime:0.0000s ]
SQL: SHOW COLUMNS FROM `gw_call` [ RunTime:0.0020s ]
SQL: SELECT * FROM `gw_call` LIMIT 1   [ RunTime:0.0000s ]
INFO: [ view_parse ] --START--
INFO: [ template_filter ] --START--
INFO: Run Behavior\ContentReplaceBehavior [ RunTime:0.001000s ]
INFO: [ template_filter ] --END-- [ RunTime:0.001000s ]
INFO: Run Behavior\ParseTemplateBehavior [ RunTime:0.029001s ]
INFO: [ view_parse ] --END-- [ RunTime:0.029001s ]
INFO: [ view_filter ] --START--
INFO: Run Behavior\WriteHtmlCacheBehavior [ RunTime:0.003001s ]
INFO: [ view_filter ] --END-- [ RunTime:0.003001s ]
INFO: [ app_end ] --START--
INFO: Run Behavior\ShowPageTraceBehavior [ RunTime:0.004000s ]
INFO: [ app_end ] --END-- [ RunTime:0.004000s ]

[ 2017-07-07T13:29:26+08:00 ] 106.91.205.133 /
INFO: [ app_init ] --START--
INFO: Run Behavior\BuildLiteBehavior [ RunTime:0.000000s ]
INFO: [ app_init ] --END-- [ RunTime:0.000000s ]
INFO: [ app_begin ] --START--
INFO: Run Behavior\ReadHtmlCacheBehavior [ RunTime:0.004000s ]
INFO: [ app_begin ] --END-- [ RunTime:0.004000s ]
SQL: SHOW COLUMNS FROM `gw_nav` [ RunTime:0.0030s ]
SQL: SELECT * FROM `gw_nav` WHERE ( nav_level=0 )  [ RunTime:0.0000s ]
SQL: SELECT * FROM `gw_nav` WHERE ( nav_level=1 )  [ RunTime:0.0000s ]
SQL: SHOW COLUMNS FROM `gw_news` [ RunTime:0.0030s ]
SQL: SELECT * FROM `gw_news` LIMIT 0,4   [ RunTime:0.0010s ]
SQL: SHOW COLUMNS FROM `gw_rjgn` [ RunTime:0.0020s ]
SQL: SELECT * FROM `gw_rjgn` WHERE ( rjtype_id=1 )  [ RunTime:0.0000s ]
SQL: SHOW COLUMNS FROM `gw_call` [ RunTime:0.0020s ]
SQL: SELECT * FROM `gw_call` LIMIT 1   [ RunTime:0.0000s ]
SQL: SHOW COLUMNS FROM `gw_inc` [ RunTime:0.0020s ]
SQL: SELECT * FROM `gw_inc`  [ RunTime:0.0010s ]
SQL: SHOW COLUMNS FROM `gw_map` [ RunTime:0.0020s ]
SQL: SELECT * FROM `gw_map` LIMIT 1   [ RunTime:0.0010s ]
INFO: [ view_parse ] --START--
INFO: [ template_filter ] --START--
INFO: Run Behavior\ContentReplaceBehavior [ RunTime:0.000000s ]
INFO: [ template_filter ] --END-- [ RunTime:0.000000s ]
INFO: Run Behavior\ParseTemplateBehavior [ RunTime:0.059003s ]
INFO: [ view_parse ] --END-- [ RunTime:0.060003s ]
INFO: [ view_filter ] --START--
INFO: Run Behavior\WriteHtmlCacheBehavior [ RunTime:0.003000s ]
INFO: [ view_filter ] --END-- [ RunTime:0.003000s ]
INFO: [ app_end ] --START--
INFO: Run Behavior\ShowPageTraceBehavior [ RunTime:0.004000s ]
INFO: [ app_end ] --END-- [ RunTime:0.004000s ]

[ 2017-07-07T13:29:27+08:00 ] 106.91.205.133 /index.php/Home/foot/foot.html
INFO: [ app_init ] --START--
INFO: Run Behavior\BuildLiteBehavior [ RunTime:0.000000s ]
INFO: [ app_init ] --END-- [ RunTime:0.001000s ]
INFO: [ app_begin ] --START--
INFO: Run Behavior\ReadHtmlCacheBehavior [ RunTime:0.004000s ]
INFO: [ app_begin ] --END-- [ RunTime:0.004000s ]
SQL: SHOW COLUMNS FROM `gw_rjgn` [ RunTime:0.0020s ]
SQL: SELECT * FROM `gw_rjgn` WHERE ( rjtype_id=7 ) LIMIT 1   [ RunTime:0.0000s ]
SQL: SHOW COLUMNS FROM `gw_nav` [ RunTime:0.0020s ]
SQL: SELECT * FROM `gw_nav` WHERE ( nav_level=0 )  [ RunTime:0.0000s ]
SQL: SELECT * FROM `gw_nav` WHERE ( nav_level=1 )  [ RunTime:0.0000s ]
INFO: [ view_parse ] --START--
INFO: [ template_filter ] --START--
INFO: Run Behavior\ContentReplaceBehavior [ RunTime:0.000000s ]
INFO: [ template_filter ] --END-- [ RunTime:0.000000s ]
INFO: Run Behavior\ParseTemplateBehavior [ RunTime:0.028002s ]
INFO: [ view_parse ] --END-- [ RunTime:0.028002s ]
INFO: [ view_filter ] --START--
INFO: Run Behavior\WriteHtmlCacheBehavior [ RunTime:0.003000s ]
INFO: [ view_filter ] --END-- [ RunTime:0.004000s ]
INFO: [ app_end ] --START--
INFO: Run Behavior\ShowPageTraceBehavior [ RunTime:0.004000s ]
INFO: [ app_end ] --END-- [ RunTime:0.004000s ]

[ 2017-07-07T13:30:00+08:00 ] 106.91.205.133 /
INFO: [ app_init ] --START--
INFO: Run Behavior\BuildLiteBehavior [ RunTime:0.000000s ]
INFO: [ app_init ] --END-- [ RunTime:0.000000s ]
INFO: [ app_begin ] --START--
INFO: Run Behavior\ReadHtmlCacheBehavior [ RunTime:0.004001s ]
INFO: [ app_begin ] --END-- [ RunTime:0.004001s ]
SQL: SHOW COLUMNS FROM `gw_nav` [ RunTime:0.0020s ]
SQL: SELECT * FROM `gw_nav` WHERE ( nav_level=0 )  [ RunTime:0.0000s ]
SQL: SELECT * FROM `gw_nav` WHERE ( nav_level=1 )  [ RunTime:0.0000s ]
SQL: SHOW COLUMNS FROM `gw_news` [ RunTime:0.0020s ]
SQL: SELECT * FROM `gw_news` LIMIT 0,4   [ RunTime:0.0000s ]
SQL: SHOW COLUMNS FROM `gw_rjgn` [ RunTime:0.0020s ]
SQL: SELECT * FROM `gw_rjgn` WHERE ( rjtype_id=1 )  [ RunTime:0.0010s ]
SQL: SHOW COLUMNS FROM `gw_call` [ RunTime:0.0010s ]
SQL: SELECT * FROM `gw_call` LIMIT 1   [ RunTime:0.0000s ]
SQL: SHOW COLUMNS FROM `gw_inc` [ RunTime:0.0020s ]
SQL: SELECT * FROM `gw_inc`  [ RunTime:0.0000s ]
SQL: SHOW COLUMNS FROM `gw_map` [ RunTime:0.0020s ]
SQL: SELECT * FROM `gw_map` LIMIT 1   [ RunTime:0.0000s ]
INFO: [ view_parse ] --START--
INFO: [ template_filter ] --START--
INFO: Run Behavior\ContentReplaceBehavior [ RunTime:0.001000s ]
INFO: [ template_filter ] --END-- [ RunTime:0.001000s ]
INFO: Run Behavior\ParseTemplateBehavior [ RunTime:0.057003s ]
INFO: [ view_parse ] --END-- [ RunTime:0.058003s ]
INFO: [ view_filter ] --START--
INFO: Run Behavior\WriteHtmlCacheBehavior [ RunTime:0.003000s ]
INFO: [ view_filter ] --END-- [ RunTime:0.003000s ]
INFO: [ app_end ] --START--
INFO: Run Behavior\ShowPageTraceBehavior [ RunTime:0.003001s ]
INFO: [ app_end ] --END-- [ RunTime:0.003001s ]

[ 2017-07-07T13:30:01+08:00 ] 106.91.205.133 /index.php/Home/foot/foot.html
INFO: [ app_init ] --START--
INFO: Run Behavior\BuildLiteBehavior [ RunTime:0.000000s ]
INFO: [ app_init ] --END-- [ RunTime:0.000000s ]
INFO: [ app_begin ] --START--
INFO: Run Behavior\ReadHtmlCacheBehavior [ RunTime:0.004000s ]
INFO: [ app_begin ] --END-- [ RunTime:0.004000s ]
SQL: SHOW COLUMNS FROM `gw_rjgn` [ RunTime:0.0020s ]
SQL: SELECT * FROM `gw_rjgn` WHERE ( rjtype_id=7 ) LIMIT 1   [ RunTime:0.0000s ]
SQL: SHOW COLUMNS FROM `gw_nav` [ RunTime:0.0020s ]
SQL: SELECT * FROM `gw_nav` WHERE ( nav_level=0 )  [ RunTime:0.0000s ]
SQL: SELECT * FROM `gw_nav` WHERE ( nav_level=1 )  [ RunTime:0.0010s ]
INFO: [ view_parse ] --START--
INFO: [ template_filter ] --START--
INFO: Run Behavior\ContentReplaceBehavior [ RunTime:0.000000s ]
INFO: [ template_filter ] --END-- [ RunTime:0.000000s ]
INFO: Run Behavior\ParseTemplateBehavior [ RunTime:0.028002s ]
INFO: [ view_parse ] --END-- [ RunTime:0.028002s ]
INFO: [ view_filter ] --START--
INFO: Run Behavior\WriteHtmlCacheBehavior [ RunTime:0.003000s ]
INFO: [ view_filter ] --END-- [ RunTime:0.003000s ]
INFO: [ app_end ] --START--
INFO: Run Behavior\ShowPageTraceBehavior [ RunTime:0.003000s ]
INFO: [ app_end ] --END-- [ RunTime:0.003000s ]

[ 2017-07-07T13:30:03+08:00 ] 223.104.25.65 /
INFO: [ app_init ] --START--
INFO: Run Behavior\BuildLiteBehavior [ RunTime:0.000000s ]
INFO: [ app_init ] --END-- [ RunTime:0.000000s ]
INFO: [ app_begin ] --START--
INFO: Run Behavior\ReadHtmlCacheBehavior [ RunTime:0.003000s ]
INFO: [ app_begin ] --END-- [ RunTime:0.004000s ]
SQL: SHOW COLUMNS FROM `gw_nav` [ RunTime:0.0020s ]
SQL: SELECT * FROM `gw_nav` WHERE ( nav_level=0 )  [ RunTime:0.0000s ]
SQL: SELECT * FROM `gw_nav` WHERE ( nav_level=1 )  [ RunTime:0.0010s ]
SQL: SHOW COLUMNS FROM `gw_news` [ RunTime:0.0020s ]
SQL: SELECT * FROM `gw_news` LIMIT 0,4   [ RunTime:0.0000s ]
SQL: SHOW COLUMNS FROM `gw_rjgn` [ RunTime:0.0020s ]
SQL: SELECT * FROM `gw_rjgn` WHERE ( rjtype_id=1 )  [ RunTime:0.0010s ]
SQL: SHOW COLUMNS FROM `gw_call` [ RunTime:0.0020s ]
SQL: SELECT * FROM `gw_call` LIMIT 1   [ RunTime:0.0000s ]
SQL: SHOW COLUMNS FROM `gw_inc` [ RunTime:0.0020s ]
SQL: SELECT * FROM `gw_inc`  [ RunTime:0.0000s ]
SQL: SHOW COLUMNS FROM `gw_map` [ RunTime:0.0020s ]
SQL: SELECT * FROM `gw_map` LIMIT 1   [ RunTime:0.0000s ]
INFO: [ view_parse ] --START--
INFO: [ template_filter ] --START--
INFO: Run Behavior\ContentReplaceBehavior [ RunTime:0.001000s ]
INFO: [ template_filter ] --END-- [ RunTime:0.001000s ]
INFO: Run Behavior\ParseTemplateBehavior [ RunTime:0.061003s ]
INFO: [ view_parse ] --END-- [ RunTime:0.061003s ]
INFO: [ view_filter ] --START--
INFO: Run Behavior\WriteHtmlCacheBehavior [ RunTime:0.003000s ]
INFO: [ view_filter ] --END-- [ RunTime:0.003000s ]
INFO: [ app_end ] --START--
INFO: Run Behavior\ShowPageTraceBehavior [ RunTime:0.003000s ]
INFO: [ app_end ] --END-- [ RunTime:0.003000s ]

[ 2017-07-07T13:30:04+08:00 ] 223.104.25.65 /index.php/Home/foot/foot.html
INFO: [ app_init ] --START--
INFO: Run Behavior\BuildLiteBehavior [ RunTime:0.000000s ]
INFO: [ app_init ] --END-- [ RunTime:0.000000s ]
INFO: [ app_begin ] --START--
INFO: Run Behavior\ReadHtmlCacheBehavior [ RunTime:0.003000s ]
INFO: [ app_begin ] --END-- [ RunTime:0.003000s ]
SQL: SHOW COLUMNS FROM `gw_rjgn` [ RunTime:0.0020s ]
SQL: SELECT * FROM `gw_rjgn` WHERE ( rjtype_id=7 ) LIMIT 1   [ RunTime:0.0000s ]
SQL: SHOW COLUMNS FROM `gw_nav` [ RunTime:0.0020s ]
SQL: SELECT * FROM `gw_nav` WHERE ( nav_level=0 )  [ RunTime:0.0010s ]
SQL: SELECT * FROM `gw_nav` WHERE ( nav_level=1 )  [ RunTime:0.0000s ]
INFO: [ view_parse ] --START--
INFO: [ template_filter ] --START--
INFO: Run Behavior\ContentReplaceBehavior [ RunTime:0.000000s ]
INFO: [ template_filter ] --END-- [ RunTime:0.000000s ]
INFO: Run Behavior\ParseTemplateBehavior [ RunTime:0.028001s ]
INFO: [ view_parse ] --END-- [ RunTime:0.028001s ]
INFO: [ view_filter ] --START--
INFO: Run Behavior\WriteHtmlCacheBehavior [ RunTime:0.003000s ]
INFO: [ view_filter ] --END-- [ RunTime:0.004000s ]
INFO: [ app_end ] --START--
INFO: Run Behavior\ShowPageTraceBehavior [ RunTime:0.003001s ]
INFO: [ app_end ] --END-- [ RunTime:0.003001s ]

[ 2017-07-07T13:30:56+08:00 ] 223.104.25.65 /
INFO: [ app_init ] --START--
INFO: Run Behavior\BuildLiteBehavior [ RunTime:0.000000s ]
INFO: [ app_init ] --END-- [ RunTime:0.000000s ]
INFO: [ app_begin ] --START--
INFO: Run Behavior\ReadHtmlCacheBehavior [ RunTime:0.003001s ]
INFO: [ app_begin ] --END-- [ RunTime:0.003001s ]
SQL: SHOW COLUMNS FROM `gw_nav` [ RunTime:0.0020s ]
SQL: SELECT * FROM `gw_nav` WHERE ( nav_level=0 )  [ RunTime:0.0000s ]
SQL: SELECT * FROM `gw_nav` WHERE ( nav_level=1 )  [ RunTime:0.0010s ]
SQL: SHOW COLUMNS FROM `gw_news` [ RunTime:0.0020s ]
SQL: SELECT * FROM `gw_news` LIMIT 0,4   [ RunTime:0.0000s ]
SQL: SHOW COLUMNS FROM `gw_rjgn` [ RunTime:0.0020s ]
SQL: SELECT * FROM `gw_rjgn` WHERE ( rjtype_id=1 )  [ RunTime:0.0010s ]
SQL: SHOW COLUMNS FROM `gw_call` [ RunTime:0.0020s ]
SQL: SELECT * FROM `gw_call` LIMIT 1   [ RunTime:0.0000s ]
SQL: SHOW COLUMNS FROM `gw_inc` [ RunTime:0.0020s ]
SQL: SELECT * FROM `gw_inc`  [ RunTime:0.0000s ]
SQL: SHOW COLUMNS FROM `gw_map` [ RunTime:0.0010s ]
SQL: SELECT * FROM `gw_map` LIMIT 1   [ RunTime:0.0000s ]
INFO: [ view_parse ] --START--
INFO: [ template_filter ] --START--
INFO: Run Behavior\ContentReplaceBehavior [ RunTime:0.000000s ]
INFO: [ template_filter ] --END-- [ RunTime:0.001000s ]
INFO: Run Behavior\ParseTemplateBehavior [ RunTime:0.058004s ]
INFO: [ view_parse ] --END-- [ RunTime:0.058004s ]
INFO: [ view_filter ] --START--
INFO: Run Behavior\WriteHtmlCacheBehavior [ RunTime:0.003000s ]
INFO: [ view_filter ] --END-- [ RunTime:0.003000s ]
INFO: [ app_end ] --START--
INFO: Run Behavior\ShowPageTraceBehavior [ RunTime:0.003000s ]
INFO: [ app_end ] --END-- [ RunTime:0.004000s ]

[ 2017-07-07T13:30:56+08:00 ] 223.104.25.65 /index.php/Home/foot/foot.html
INFO: [ app_init ] --START--
INFO: Run Behavior\BuildLiteBehavior [ RunTime:0.000000s ]
INFO: [ app_init ] --END-- [ RunTime:0.000000s ]
INFO: [ app_begin ] --START--
INFO: Run Behavior\ReadHtmlCacheBehavior [ RunTime:0.004000s ]
INFO: [ app_begin ] --END-- [ RunTime:0.004000s ]
SQL: SHOW COLUMNS FROM `gw_rjgn` [ RunTime:0.0030s ]
SQL: SELECT * FROM `gw_rjgn` WHERE ( rjtype_id=7 ) LIMIT 1   [ RunTime:0.0010s ]
SQL: SHOW COLUMNS FROM `gw_nav` [ RunTime:0.0020s ]
SQL: SELECT * FROM `gw_nav` WHERE ( nav_level=0 )  [ RunTime:0.0000s ]
SQL: SELECT * FROM `gw_nav` WHERE ( nav_level=1 )  [ RunTime:0.0000s ]
INFO: [ view_parse ] --START--
INFO: [ template_filter ] --START--
INFO: Run Behavior\ContentReplaceBehavior [ RunTime:0.000000s ]
INFO: [ template_filter ] --END-- [ RunTime:0.000000s ]
INFO: Run Behavior\ParseTemplateBehavior [ RunTime:0.025001s ]
INFO: [ view_parse ] --END-- [ RunTime:0.026001s ]
INFO: [ view_filter ] --START--
INFO: Run Behavior\WriteHtmlCacheBehavior [ RunTime:0.002000s ]
INFO: [ view_filter ] --END-- [ RunTime:0.002000s ]
INFO: [ app_end ] --START--
INFO: Run Behavior\ShowPageTraceBehavior [ RunTime:0.003001s ]
INFO: [ app_end ] --END-- [ RunTime:0.003001s ]

[ 2017-07-07T13:46:44+08:00 ] 106.91.205.133 /
INFO: [ app_init ] --START--
INFO: Run Behavior\BuildLiteBehavior [ RunTime:0.000000s ]
INFO: [ app_init ] --END-- [ RunTime:0.000000s ]
INFO: [ app_begin ] --START--
INFO: Run Behavior\ReadHtmlCacheBehavior [ RunTime:0.003000s ]
INFO: [ app_begin ] --END-- [ RunTime:0.003000s ]
SQL: SHOW COLUMNS FROM `gw_nav` [ RunTime:0.0020s ]
SQL: SELECT * FROM `gw_nav` WHERE ( nav_level=0 )  [ RunTime:0.0010s ]
SQL: SELECT * FROM `gw_nav` WHERE ( nav_level=1 )  [ RunTime:0.0000s ]
SQL: SHOW COLUMNS FROM `gw_news` [ RunTime:0.0020s ]
SQL: SELECT * FROM `gw_news` LIMIT 0,4   [ RunTime:0.0010s ]
SQL: SHOW COLUMNS FROM `gw_rjgn` [ RunTime:0.0010s ]
SQL: SELECT * FROM `gw_rjgn` WHERE ( rjtype_id=1 )  [ RunTime:0.0000s ]
SQL: SHOW COLUMNS FROM `gw_call` [ RunTime:0.0020s ]
SQL: SELECT * FROM `gw_call` LIMIT 1   [ RunTime:0.0000s ]
SQL: SHOW COLUMNS FROM `gw_inc` [ RunTime:0.0020s ]
SQL: SELECT * FROM `gw_inc`  [ RunTime:0.0000s ]
SQL: SHOW COLUMNS FROM `gw_map` [ RunTime:0.0010s ]
SQL: SELECT * FROM `gw_map` LIMIT 1   [ RunTime:0.0010s ]
INFO: [ view_parse ] --START--
INFO: [ template_filter ] --START--
INFO: Run Behavior\ContentReplaceBehavior [ RunTime:0.001000s ]
INFO: [ template_filter ] --END-- [ RunTime:0.001000s ]
INFO: Run Behavior\ParseTemplateBehavior [ RunTime:0.048003s ]
INFO: [ view_parse ] --END-- [ RunTime:0.048003s ]
INFO: [ view_filter ] --START--
INFO: Run Behavior\WriteHtmlCacheBehavior [ RunTime:0.003000s ]
INFO: [ view_filter ] --END-- [ RunTime:0.003000s ]
INFO: [ app_end ] --START--
INFO: Run Behavior\ShowPageTraceBehavior [ RunTime:0.003000s ]
INFO: [ app_end ] --END-- [ RunTime:0.003000s ]

[ 2017-07-07T13:46:50+08:00 ] 106.91.205.133 /index.php/Home/foot/foot.html
INFO: [ app_init ] --START--
INFO: Run Behavior\BuildLiteBehavior [ RunTime:0.000000s ]
INFO: [ app_init ] --END-- [ RunTime:0.000000s ]
INFO: [ app_begin ] --START--
INFO: Run Behavior\ReadHtmlCacheBehavior [ RunTime:0.003000s ]
INFO: [ app_begin ] --END-- [ RunTime:0.003000s ]
SQL: SHOW COLUMNS FROM `gw_rjgn` [ RunTime:0.0020s ]
SQL: SELECT * FROM `gw_rjgn` WHERE ( rjtype_id=7 ) LIMIT 1   [ RunTime:0.0000s ]
SQL: SHOW COLUMNS FROM `gw_nav` [ RunTime:0.0020s ]
SQL: SELECT * FROM `gw_nav` WHERE ( nav_level=0 )  [ RunTime:0.0000s ]
SQL: SELECT * FROM `gw_nav` WHERE ( nav_level=1 )  [ RunTime:0.0000s ]
INFO: [ view_parse ] --START--
INFO: [ template_filter ] --START--
INFO: Run Behavior\ContentReplaceBehavior [ RunTime:0.000000s ]
INFO: [ template_filter ] --END-- [ RunTime:0.000000s ]
INFO: Run Behavior\ParseTemplateBehavior [ RunTime:0.022001s ]
INFO: [ view_parse ] --END-- [ RunTime:0.022001s ]
INFO: [ view_filter ] --START--
INFO: Run Behavior\WriteHtmlCacheBehavior [ RunTime:0.002001s ]
INFO: [ view_filter ] --END-- [ RunTime:0.002001s ]
INFO: [ app_end ] --START--
INFO: Run Behavior\ShowPageTraceBehavior [ RunTime:0.004000s ]
INFO: [ app_end ] --END-- [ RunTime:0.004000s ]

[ 2017-07-07T13:47:06+08:00 ] 106.91.205.133 /
INFO: [ app_init ] --START--
INFO: Run Behavior\BuildLiteBehavior [ RunTime:0.001000s ]
INFO: [ app_init ] --END-- [ RunTime:0.001000s ]
INFO: [ app_begin ] --START--
INFO: Run Behavior\ReadHtmlCacheBehavior [ RunTime:0.004001s ]
INFO: [ app_begin ] --END-- [ RunTime:0.004001s ]
SQL: SHOW COLUMNS FROM `gw_nav` [ RunTime:0.0020s ]
SQL: SELECT * FROM `gw_nav` WHERE ( nav_level=0 )  [ RunTime:0.0010s ]
SQL: SELECT * FROM `gw_nav` WHERE ( nav_level=1 )  [ RunTime:0.0000s ]
SQL: SHOW COLUMNS FROM `gw_news` [ RunTime:0.0010s ]
SQL: SELECT * FROM `gw_news` LIMIT 0,4   [ RunTime:0.0000s ]
SQL: SHOW COLUMNS FROM `gw_rjgn` [ RunTime:0.0010s ]
SQL: SELECT * FROM `gw_rjgn` WHERE ( rjtype_id=1 )  [ RunTime:0.0000s ]
SQL: SHOW COLUMNS FROM `gw_call` [ RunTime:0.0010s ]
SQL: SELECT * FROM `gw_call` LIMIT 1   [ RunTime:0.0000s ]
SQL: SHOW COLUMNS FROM `gw_inc` [ RunTime:0.0030s ]
SQL: SELECT * FROM `gw_inc`  [ RunTime:0.0010s ]
SQL: SHOW COLUMNS FROM `gw_map` [ RunTime:0.0020s ]
SQL: SELECT * FROM `gw_map` LIMIT 1   [ RunTime:0.0010s ]
INFO: [ view_parse ] --START--
INFO: [ template_filter ] --START--
INFO: Run Behavior\ContentReplaceBehavior [ RunTime:0.000000s ]
INFO: [ template_filter ] --END-- [ RunTime:0.000000s ]
INFO: Run Behavior\ParseTemplateBehavior [ RunTime:0.051003s ]
INFO: [ view_parse ] --END-- [ RunTime:0.052003s ]
INFO: [ view_filter ] --START--
INFO: Run Behavior\WriteHtmlCacheBehavior [ RunTime:0.003000s ]
INFO: [ view_filter ] --END-- [ RunTime:0.003000s ]
INFO: [ app_end ] --START--
INFO: Run Behavior\ShowPageTraceBehavior [ RunTime:0.003001s ]
INFO: [ app_end ] --END-- [ RunTime:0.003001s ]

[ 2017-07-07T13:47:10+08:00 ] 106.91.205.133 /index.php/Home/foot/foot.html
INFO: [ app_init ] --START--
INFO: Run Behavior\BuildLiteBehavior [ RunTime:0.000000s ]
INFO: [ app_init ] --END-- [ RunTime:0.000000s ]
INFO: [ app_begin ] --START--
INFO: Run Behavior\ReadHtmlCacheBehavior [ RunTime:0.004000s ]
INFO: [ app_begin ] --END-- [ RunTime:0.004000s ]
SQL: SHOW COLUMNS FROM `gw_rjgn` [ RunTime:0.0020s ]
SQL: SELECT * FROM `gw_rjgn` WHERE ( rjtype_id=7 ) LIMIT 1   [ RunTime:0.0010s ]
SQL: SHOW COLUMNS FROM `gw_nav` [ RunTime:0.0010s ]
SQL: SELECT * FROM `gw_nav` WHERE ( nav_level=0 )  [ RunTime:0.0000s ]
SQL: SELECT * FROM `gw_nav` WHERE ( nav_level=1 )  [ RunTime:0.0010s ]
INFO: [ view_parse ] --START--
INFO: [ template_filter ] --START--
INFO: Run Behavior\ContentReplaceBehavior [ RunTime:0.000000s ]
INFO: [ template_filter ] --END-- [ RunTime:0.000000s ]
INFO: Run Behavior\ParseTemplateBehavior [ RunTime:0.022001s ]
INFO: [ view_parse ] --END-- [ RunTime:0.022001s ]
INFO: [ view_filter ] --START--
INFO: Run Behavior\WriteHtmlCacheBehavior [ RunTime:0.003000s ]
INFO: [ view_filter ] --END-- [ RunTime:0.003000s ]
INFO: [ app_end ] --START--
INFO: Run Behavior\ShowPageTraceBehavior [ RunTime:0.003000s ]
INFO: [ app_end ] --END-- [ RunTime:0.003000s ]

[ 2017-07-07T14:02:47+08:00 ] 106.91.205.133 /
INFO: [ app_init ] --START--
INFO: Run Behavior\BuildLiteBehavior [ RunTime:0.000000s ]
INFO: [ app_init ] --END-- [ RunTime:0.000000s ]
INFO: [ app_begin ] --START--
INFO: Run Behavior\ReadHtmlCacheBehavior [ RunTime:0.004001s ]
INFO: [ app_begin ] --END-- [ RunTime:0.004001s ]
SQL: SHOW COLUMNS FROM `gw_nav` [ RunTime:0.0020s ]
SQL: SELECT * FROM `gw_nav` WHERE ( nav_level=0 )  [ RunTime:0.0000s ]
SQL: SELECT * FROM `gw_nav` WHERE ( nav_level=1 )  [ RunTime:0.0000s ]
SQL: SHOW COLUMNS FROM `gw_news` [ RunTime:0.0030s ]
SQL: SELECT * FROM `gw_news` LIMIT 0,4   [ RunTime:0.0010s ]
SQL: SHOW COLUMNS FROM `gw_rjgn` [ RunTime:0.0020s ]
SQL: SELECT * FROM `gw_rjgn` WHERE ( rjtype_id=1 )  [ RunTime:0.0000s ]
SQL: SHOW COLUMNS FROM `gw_call` [ RunTime:0.0030s ]
SQL: SELECT * FROM `gw_call` LIMIT 1   [ RunTime:0.0000s ]
SQL: SHOW COLUMNS FROM `gw_inc` [ RunTime:0.0030s ]
SQL: SELECT * FROM `gw_inc`  [ RunTime:0.0010s ]
SQL: SHOW COLUMNS FROM `gw_map` [ RunTime:0.0020s ]
SQL: SELECT * FROM `gw_map` LIMIT 1   [ RunTime:0.0000s ]
INFO: [ view_parse ] --START--
INFO: [ template_filter ] --START--
INFO: Run Behavior\ContentReplaceBehavior [ RunTime:0.000000s ]
INFO: [ template_filter ] --END-- [ RunTime:0.001001s ]
INFO: Run Behavior\ParseTemplateBehavior [ RunTime:0.066003s ]
INFO: [ view_parse ] --END-- [ RunTime:0.067003s ]
INFO: [ view_filter ] --START--
INFO: Run Behavior\WriteHtmlCacheBehavior [ RunTime:0.004001s ]
INFO: [ view_filter ] --END-- [ RunTime:0.004001s ]
INFO: [ app_end ] --START--
INFO: Run Behavior\ShowPageTraceBehavior [ RunTime:0.004000s ]
INFO: [ app_end ] --END-- [ RunTime:0.004000s ]

[ 2017-07-07T14:02:48+08:00 ] 106.91.205.133 /index.php/Home/foot/foot.html
INFO: [ app_init ] --START--
INFO: Run Behavior\BuildLiteBehavior [ RunTime:0.000000s ]
INFO: [ app_init ] --END-- [ RunTime:0.000000s ]
INFO: [ app_begin ] --START--
INFO: Run Behavior\ReadHtmlCacheBehavior [ RunTime:0.004000s ]
INFO: [ app_begin ] --END-- [ RunTime:0.004000s ]
SQL: SHOW COLUMNS FROM `gw_rjgn` [ RunTime:0.0030s ]
SQL: SELECT * FROM `gw_rjgn` WHERE ( rjtype_id=7 ) LIMIT 1   [ RunTime:0.0000s ]
SQL: SHOW COLUMNS FROM `gw_nav` [ RunTime:0.0020s ]
SQL: SELECT * FROM `gw_nav` WHERE ( nav_level=0 )  [ RunTime:0.0000s ]
SQL: SELECT * FROM `gw_nav` WHERE ( nav_level=1 )  [ RunTime:0.0010s ]
INFO: [ view_parse ] --START--
INFO: [ template_filter ] --START--
INFO: Run Behavior\ContentReplaceBehavior [ RunTime:0.001000s ]
INFO: [ template_filter ] --END-- [ RunTime:0.001000s ]
INFO: Run Behavior\ParseTemplateBehavior [ RunTime:0.030001s ]
INFO: [ view_parse ] --END-- [ RunTime:0.030001s ]
INFO: [ view_filter ] --START--
INFO: Run Behavior\WriteHtmlCacheBehavior [ RunTime:0.004001s ]
INFO: [ view_filter ] --END-- [ RunTime:0.004001s ]
INFO: [ app_end ] --START--
INFO: Run Behavior\ShowPageTraceBehavior [ RunTime:0.004000s ]
INFO: [ app_end ] --END-- [ RunTime:0.004000s ]

[ 2017-07-07T15:38:27+08:00 ] 106.91.205.133 /
INFO: [ app_init ] --START--
INFO: Run Behavior\BuildLiteBehavior [ RunTime:0.000000s ]
INFO: [ app_init ] --END-- [ RunTime:0.000000s ]
INFO: [ app_begin ] --START--
INFO: Run Behavior\ReadHtmlCacheBehavior [ RunTime:0.003000s ]
INFO: [ app_begin ] --END-- [ RunTime:0.003000s ]
SQL: SHOW COLUMNS FROM `gw_nav` [ RunTime:0.0020s ]
SQL: SELECT * FROM `gw_nav` WHERE ( nav_level=0 )  [ RunTime:0.0000s ]
SQL: SELECT * FROM `gw_nav` WHERE ( nav_level=1 )  [ RunTime:0.0000s ]
SQL: SHOW COLUMNS FROM `gw_news` [ RunTime:0.0030s ]
SQL: SELECT * FROM `gw_news` LIMIT 0,4   [ RunTime:0.0010s ]
SQL: SHOW COLUMNS FROM `gw_rjgn` [ RunTime:0.0020s ]
SQL: SELECT * FROM `gw_rjgn` WHERE ( rjtype_id=1 )  [ RunTime:0.0000s ]
SQL: SHOW COLUMNS FROM `gw_call` [ RunTime:0.0020s ]
SQL: SELECT * FROM `gw_call` LIMIT 1   [ RunTime:0.0000s ]
SQL: SHOW COLUMNS FROM `gw_inc` [ RunTime:0.0010s ]
SQL: SELECT * FROM `gw_inc`  [ RunTime:0.0000s ]
SQL: SHOW COLUMNS FROM `gw_map` [ RunTime:0.0020s ]
SQL: SELECT * FROM `gw_map` LIMIT 1   [ RunTime:0.0000s ]
INFO: [ view_parse ] --START--
INFO: [ template_filter ] --START--
INFO: Run Behavior\ContentReplaceBehavior [ RunTime:0.001001s ]
INFO: [ template_filter ] --END-- [ RunTime:0.001001s ]
INFO: Run Behavior\ParseTemplateBehavior [ RunTime:0.047003s ]
INFO: [ view_parse ] --END-- [ RunTime:0.047003s ]
INFO: [ view_filter ] --START--
INFO: Run Behavior\WriteHtmlCacheBehavior [ RunTime:0.003000s ]
INFO: [ view_filter ] --END-- [ RunTime:0.003000s ]
INFO: [ app_end ] --START--
INFO: Run Behavior\ShowPageTraceBehavior [ RunTime:0.002000s ]
INFO: [ app_end ] --END-- [ RunTime:0.003000s ]

[ 2017-07-07T15:38:30+08:00 ] 106.91.205.133 /index.php/Home/foot/foot.html
INFO: [ app_init ] --START--
INFO: Run Behavior\BuildLiteBehavior [ RunTime:0.000000s ]
INFO: [ app_init ] --END-- [ RunTime:0.000000s ]
INFO: [ app_begin ] --START--
INFO: Run Behavior\ReadHtmlCacheBehavior [ RunTime:0.005001s ]
INFO: [ app_begin ] --END-- [ RunTime:0.005001s ]
SQL: SHOW COLUMNS FROM `gw_rjgn` [ RunTime:0.0020s ]
SQL: SELECT * FROM `gw_rjgn` WHERE ( rjtype_id=7 ) LIMIT 1   [ RunTime:0.0010s ]
SQL: SHOW COLUMNS FROM `gw_nav` [ RunTime:0.0020s ]
SQL: SELECT * FROM `gw_nav` WHERE ( nav_level=0 )  [ RunTime:0.0010s ]
SQL: SELECT * FROM `gw_nav` WHERE ( nav_level=1 )  [ RunTime:0.0000s ]
INFO: [ view_parse ] --START--
INFO: [ template_filter ] --START--
INFO: Run Behavior\ContentReplaceBehavior [ RunTime:0.000000s ]
INFO: [ template_filter ] --END-- [ RunTime:0.000000s ]
INFO: Run Behavior\ParseTemplateBehavior [ RunTime:0.030002s ]
INFO: [ view_parse ] --END-- [ RunTime:0.030002s ]
INFO: [ view_filter ] --START--
INFO: Run Behavior\WriteHtmlCacheBehavior [ RunTime:0.004000s ]
INFO: [ view_filter ] --END-- [ RunTime:0.004000s ]
INFO: [ app_end ] --START--
INFO: Run Behavior\ShowPageTraceBehavior [ RunTime:0.005001s ]
INFO: [ app_end ] --END-- [ RunTime:0.005001s ]

[ 2017-07-07T15:57:24+08:00 ] 104.238.248.15 /
INFO: [ app_init ] --START--
INFO: Run Behavior\BuildLiteBehavior [ RunTime:0.000000s ]
INFO: [ app_init ] --END-- [ RunTime:0.001000s ]
INFO: [ app_begin ] --START--
INFO: Run Behavior\ReadHtmlCacheBehavior [ RunTime:0.004000s ]
INFO: [ app_begin ] --END-- [ RunTime:0.004000s ]
SQL: SHOW COLUMNS FROM `gw_nav` [ RunTime:0.0020s ]
SQL: SELECT * FROM `gw_nav` WHERE ( nav_level=0 )  [ RunTime:0.0000s ]
SQL: SELECT * FROM `gw_nav` WHERE ( nav_level=1 )  [ RunTime:0.0010s ]
SQL: SHOW COLUMNS FROM `gw_news` [ RunTime:0.0010s ]
SQL: SELECT * FROM `gw_news` LIMIT 0,4   [ RunTime:0.0000s ]
SQL: SHOW COLUMNS FROM `gw_rjgn` [ RunTime:0.0020s ]
SQL: SELECT * FROM `gw_rjgn` WHERE ( rjtype_id=1 )  [ RunTime:0.0000s ]
SQL: SHOW COLUMNS FROM `gw_call` [ RunTime:0.0010s ]
SQL: SELECT * FROM `gw_call` LIMIT 1   [ RunTime:0.0000s ]
SQL: SHOW COLUMNS FROM `gw_inc` [ RunTime:0.0020s ]
SQL: SELECT * FROM `gw_inc`  [ RunTime:0.0010s ]
SQL: SHOW COLUMNS FROM `gw_map` [ RunTime:0.0020s ]
SQL: SELECT * FROM `gw_map` LIMIT 1   [ RunTime:0.0000s ]
INFO: [ view_parse ] --START--
INFO: [ template_filter ] --START--
INFO: Run Behavior\ContentReplaceBehavior [ RunTime:0.001000s ]
INFO: [ template_filter ] --END-- [ RunTime:0.001000s ]
INFO: Run Behavior\ParseTemplateBehavior [ RunTime:0.059003s ]
INFO: [ view_parse ] --END-- [ RunTime:0.059003s ]
INFO: [ view_filter ] --START--
INFO: Run Behavior\WriteHtmlCacheBehavior [ RunTime:0.002000s ]
INFO: [ view_filter ] --END-- [ RunTime:0.002000s ]
INFO: [ app_end ] --START--
INFO: Run Behavior\ShowPageTraceBehavior [ RunTime:0.002000s ]
INFO: [ app_end ] --END-- [ RunTime:0.002000s ]

[ 2017-07-07T15:57:25+08:00 ] 104.238.248.15 /index.php/Home/contact/showlist
INFO: [ app_init ] --START--
INFO: Run Behavior\BuildLiteBehavior [ RunTime:0.000000s ]
INFO: [ app_init ] --END-- [ RunTime:0.000000s ]
INFO: [ app_begin ] --START--
INFO: Run Behavior\ReadHtmlCacheBehavior [ RunTime:0.004001s ]
INFO: [ app_begin ] --END-- [ RunTime:0.004001s ]
SQL: SHOW COLUMNS FROM `gw_nav` [ RunTime:0.0020s ]
SQL: SELECT * FROM `gw_nav` WHERE ( nav_level=0 )  [ RunTime:0.0000s ]
SQL: SELECT * FROM `gw_nav` WHERE ( nav_level=1 )  [ RunTime:0.0000s ]
SQL: SHOW COLUMNS FROM `gw_inc` [ RunTime:0.0020s ]
SQL: SELECT * FROM `gw_inc`  [ RunTime:0.0010s ]
SQL: SHOW COLUMNS FROM `gw_map` [ RunTime:0.0020s ]
SQL: SELECT * FROM `gw_map` LIMIT 1   [ RunTime:0.0010s ]
SQL: SHOW COLUMNS FROM `gw_call` [ RunTime:0.0030s ]
SQL: SELECT * FROM `gw_call` LIMIT 1   [ RunTime:0.0000s ]
INFO: [ view_parse ] --START--
INFO: [ template_filter ] --START--
INFO: Run Behavior\ContentReplaceBehavior [ RunTime:0.000000s ]
INFO: [ template_filter ] --END-- [ RunTime:0.000000s ]
INFO: Run Behavior\ParseTemplateBehavior [ RunTime:0.035002s ]
INFO: [ view_parse ] --END-- [ RunTime:0.035002s ]
INFO: [ view_filter ] --START--
INFO: Run Behavior\WriteHtmlCacheBehavior [ RunTime:0.004000s ]
INFO: [ view_filter ] --END-- [ RunTime:0.004000s ]
INFO: [ app_end ] --START--
INFO: Run Behavior\ShowPageTraceBehavior [ RunTime:0.006000s ]
INFO: [ app_end ] --END-- [ RunTime:0.006000s ]

[ 2017-07-07T16:01:39+08:00 ] 106.91.205.133 /
INFO: [ app_init ] --START--
INFO: Run Behavior\BuildLiteBehavior [ RunTime:0.000000s ]
INFO: [ app_init ] --END-- [ RunTime:0.001000s ]
INFO: [ app_begin ] --START--
INFO: Run Behavior\ReadHtmlCacheBehavior [ RunTime:0.003000s ]
INFO: [ app_begin ] --END-- [ RunTime:0.003000s ]
SQL: SHOW COLUMNS FROM `gw_nav` [ RunTime:0.0040s ]
SQL: SELECT * FROM `gw_nav` WHERE ( nav_level=0 )  [ RunTime:0.0010s ]
SQL: SELECT * FROM `gw_nav` WHERE ( nav_level=1 )  [ RunTime:0.0010s ]
SQL: SHOW COLUMNS FROM `gw_news` [ RunTime:0.0030s ]
SQL: SELECT * FROM `gw_news` LIMIT 0,4   [ RunTime:0.0010s ]
SQL: SHOW COLUMNS FROM `gw_rjgn` [ RunTime:0.0020s ]
SQL: SELECT * FROM `gw_rjgn` WHERE ( rjtype_id=1 )  [ RunTime:0.0000s ]
SQL: SHOW COLUMNS FROM `gw_call` [ RunTime:0.0010s ]
SQL: SELECT * FROM `gw_call` LIMIT 1   [ RunTime:0.0010s ]
SQL: SHOW COLUMNS FROM `gw_inc` [ RunTime:0.0020s ]
SQL: SELECT * FROM `gw_inc`  [ RunTime:0.0010s ]
SQL: SHOW COLUMNS FROM `gw_map` [ RunTime:0.0020s ]
SQL: SELECT * FROM `gw_map` LIMIT 1   [ RunTime:0.0010s ]
INFO: [ view_parse ] --START--
INFO: [ template_filter ] --START--
INFO: Run Behavior\ContentReplaceBehavior [ RunTime:0.000000s ]
INFO: [ template_filter ] --END-- [ RunTime:0.001000s ]
INFO: Run Behavior\ParseTemplateBehavior [ RunTime:0.067004s ]
INFO: [ view_parse ] --END-- [ RunTime:0.067004s ]
INFO: [ view_filter ] --START--
INFO: Run Behavior\WriteHtmlCacheBehavior [ RunTime:0.003000s ]
INFO: [ view_filter ] --END-- [ RunTime:0.003000s ]
INFO: [ app_end ] --START--
INFO: Run Behavior\ShowPageTraceBehavior [ RunTime:0.002001s ]
INFO: [ app_end ] --END-- [ RunTime:0.002001s ]

[ 2017-07-07T16:01:41+08:00 ] 106.91.205.133 /index.php/Home/foot/foot.html
INFO: [ app_init ] --START--
INFO: Run Behavior\BuildLiteBehavior [ RunTime:0.000000s ]
INFO: [ app_init ] --END-- [ RunTime:0.001000s ]
INFO: [ app_begin ] --START--
INFO: Run Behavior\ReadHtmlCacheBehavior [ RunTime:0.003000s ]
INFO: [ app_begin ] --END-- [ RunTime:0.003000s ]
SQL: SHOW COLUMNS FROM `gw_rjgn` [ RunTime:0.0020s ]
SQL: SELECT * FROM `gw_rjgn` WHERE ( rjtype_id=7 ) LIMIT 1   [ RunTime:0.0000s ]
SQL: SHOW COLUMNS FROM `gw_nav` [ RunTime:0.0010s ]
SQL: SELECT * FROM `gw_nav` WHERE ( nav_level=0 )  [ RunTime:0.0010s ]
SQL: SELECT * FROM `gw_nav` WHERE ( nav_level=1 )  [ RunTime:0.0000s ]
INFO: [ view_parse ] --START--
INFO: [ template_filter ] --START--
INFO: Run Behavior\ContentReplaceBehavior [ RunTime:0.000000s ]
INFO: [ template_filter ] --END-- [ RunTime:0.000000s ]
INFO: Run Behavior\ParseTemplateBehavior [ RunTime:0.026002s ]
INFO: [ view_parse ] --END-- [ RunTime:0.026002s ]
INFO: [ view_filter ] --START--
INFO: Run Behavior\WriteHtmlCacheBehavior [ RunTime:0.003000s ]
INFO: [ view_filter ] --END-- [ RunTime:0.003000s ]
INFO: [ app_end ] --START--
INFO: Run Behavior\ShowPageTraceBehavior [ RunTime:0.003000s ]
INFO: [ app_end ] --END-- [ RunTime:0.003000s ]

[ 2017-07-07T16:02:20+08:00 ] 106.91.205.133 /
INFO: [ app_init ] --START--
INFO: Run Behavior\BuildLiteBehavior [ RunTime:0.000000s ]
INFO: [ app_init ] --END-- [ RunTime:0.000000s ]
INFO: [ app_begin ] --START--
INFO: Run Behavior\ReadHtmlCacheBehavior [ RunTime:0.004001s ]
INFO: [ app_begin ] --END-- [ RunTime:0.004001s ]
SQL: SHOW COLUMNS FROM `gw_nav` [ RunTime:0.0020s ]
SQL: SELECT * FROM `gw_nav` WHERE ( nav_level=0 )  [ RunTime:0.0010s ]
SQL: SELECT * FROM `gw_nav` WHERE ( nav_level=1 )  [ RunTime:0.0000s ]
SQL: SHOW COLUMNS FROM `gw_news` [ RunTime:0.0030s ]
SQL: SELECT * FROM `gw_news` LIMIT 0,4   [ RunTime:0.0000s ]
SQL: SHOW COLUMNS FROM `gw_rjgn` [ RunTime:0.0030s ]
SQL: SELECT * FROM `gw_rjgn` WHERE ( rjtype_id=1 )  [ RunTime:0.0010s ]
SQL: SHOW COLUMNS FROM `gw_call` [ RunTime:0.0030s ]
SQL: SELECT * FROM `gw_call` LIMIT 1   [ RunTime:0.0000s ]
SQL: SHOW COLUMNS FROM `gw_inc` [ RunTime:0.0030s ]
SQL: SELECT * FROM `gw_inc`  [ RunTime:0.0000s ]
SQL: SHOW COLUMNS FROM `gw_map` [ RunTime:0.0020s ]
SQL: SELECT * FROM `gw_map` LIMIT 1   [ RunTime:0.0010s ]
INFO: [ view_parse ] --START--
INFO: [ template_filter ] --START--
INFO: Run Behavior\ContentReplaceBehavior [ RunTime:0.000000s ]
INFO: [ template_filter ] --END-- [ RunTime:0.000000s ]
INFO: Run Behavior\ParseTemplateBehavior [ RunTime:0.070004s ]
INFO: [ view_parse ] --END-- [ RunTime:0.070004s ]
INFO: [ view_filter ] --START--
INFO: Run Behavior\WriteHtmlCacheBehavior [ RunTime:0.002000s ]
INFO: [ view_filter ] --END-- [ RunTime:0.002000s ]
INFO: [ app_end ] --START--
INFO: Run Behavior\ShowPageTraceBehavior [ RunTime:0.002000s ]
INFO: [ app_end ] --END-- [ RunTime:0.002000s ]

[ 2017-07-07T16:02:20+08:00 ] 106.91.205.133 /index.php/Home/foot/foot.html
INFO: [ app_init ] --START--
INFO: Run Behavior\BuildLiteBehavior [ RunTime:0.000000s ]
INFO: [ app_init ] --END-- [ RunTime:0.000000s ]
INFO: [ app_begin ] --START--
INFO: Run Behavior\ReadHtmlCacheBehavior [ RunTime:0.003000s ]
INFO: [ app_begin ] --END-- [ RunTime:0.004000s ]
SQL: SHOW COLUMNS FROM `gw_rjgn` [ RunTime:0.0020s ]
SQL: SELECT * FROM `gw_rjgn` WHERE ( rjtype_id=7 ) LIMIT 1   [ RunTime:0.0000s ]
SQL: SHOW COLUMNS FROM `gw_nav` [ RunTime:0.0010s ]
SQL: SELECT * FROM `gw_nav` WHERE ( nav_level=0 )  [ RunTime:0.0000s ]
SQL: SELECT * FROM `gw_nav` WHERE ( nav_level=1 )  [ RunTime:0.0010s ]
INFO: [ view_parse ] --START--
INFO: [ template_filter ] --START--
INFO: Run Behavior\ContentReplaceBehavior [ RunTime:0.000000s ]
INFO: [ template_filter ] --END-- [ RunTime:0.000000s ]
INFO: Run Behavior\ParseTemplateBehavior [ RunTime:0.028001s ]
INFO: [ view_parse ] --END-- [ RunTime:0.028001s ]
INFO: [ view_filter ] --START--
INFO: Run Behavior\WriteHtmlCacheBehavior [ RunTime:0.002001s ]
INFO: [ view_filter ] --END-- [ RunTime:0.002001s ]
INFO: [ app_end ] --START--
INFO: Run Behavior\ShowPageTraceBehavior [ RunTime:0.002000s ]
INFO: [ app_end ] --END-- [ RunTime:0.003000s ]

[ 2017-07-07T17:03:35+08:00 ] 127.0.0.1 /BScode222/
INFO: [ app_init ] --START--
INFO: Run Behavior\BuildLiteBehavior [ RunTime:0.000000s ]
INFO: [ app_init ] --END-- [ RunTime:0.001000s ]
INFO: [ app_begin ] --START--
INFO: Run Behavior\ReadHtmlCacheBehavior [ RunTime:0.001000s ]
INFO: [ app_begin ] --END-- [ RunTime:0.001000s ]
ERR: SQLSTATE[HY000] [1049] Unknown database 'ge'

[ 2017-07-07T17:03:44+08:00 ] 127.0.0.1 /BScode222/
INFO: [ app_init ] --START--
INFO: Run Behavior\BuildLiteBehavior [ RunTime:0.000000s ]
INFO: [ app_init ] --END-- [ RunTime:0.001000s ]
INFO: [ app_begin ] --START--
INFO: Run Behavior\ReadHtmlCacheBehavior [ RunTime:0.000000s ]
INFO: [ app_begin ] --END-- [ RunTime:0.000000s ]
SQL: SHOW COLUMNS FROM `gw_nav` [ RunTime:0.0050s ]
SQL: SELECT * FROM `gw_nav` WHERE ( nav_level=0 )  [ RunTime:0.0000s ]
SQL: SELECT * FROM `gw_nav` WHERE ( nav_level=1 )  [ RunTime:0.0010s ]
SQL: SHOW COLUMNS FROM `gw_news` [ RunTime:0.0030s ]
SQL: SELECT * FROM `gw_news` LIMIT 0,4   [ RunTime:0.0000s ]
SQL: SHOW COLUMNS FROM `gw_rjgn` [ RunTime:0.0050s ]
SQL: SELECT * FROM `gw_rjgn` WHERE ( rjtype_id=1 )  [ RunTime:0.0010s ]
SQL: SHOW COLUMNS FROM `gw_call` [ RunTime:0.0060s ]
SQL: SELECT * FROM `gw_call` LIMIT 1   [ RunTime:0.0010s ]
SQL: SHOW COLUMNS FROM `gw_inc` [ RunTime:0.0040s ]
SQL: SELECT * FROM `gw_inc`  [ RunTime:0.0010s ]
SQL: SHOW COLUMNS FROM `gw_map` [ RunTime:0.0040s ]
SQL: SELECT * FROM `gw_map` LIMIT 1   [ RunTime:0.0000s ]
INFO: [ view_parse ] --START--
INFO: [ template_filter ] --START--
INFO: Run Behavior\ContentReplaceBehavior [ RunTime:0.000000s ]
INFO: [ template_filter ] --END-- [ RunTime:0.001000s ]
INFO: Run Behavior\ParseTemplateBehavior [ RunTime:0.037002s ]
INFO: [ view_parse ] --END-- [ RunTime:0.038002s ]
INFO: [ view_filter ] --START--
INFO: Run Behavior\WriteHtmlCacheBehavior [ RunTime:0.000000s ]
INFO: [ view_filter ] --END-- [ RunTime:0.000000s ]
INFO: [ app_end ] --START--
INFO: Run Behavior\ShowPageTraceBehavior [ RunTime:0.001000s ]
INFO: [ app_end ] --END-- [ RunTime:0.001000s ]

[ 2017-07-07T17:03:44+08:00 ] 127.0.0.1 /BScode222/index.php/Home/foot/foot.html
INFO: [ app_init ] --START--
INFO: Run Behavior\BuildLiteBehavior [ RunTime:0.000000s ]
INFO: [ app_init ] --END-- [ RunTime:0.001000s ]
INFO: [ app_begin ] --START--
INFO: Run Behavior\ReadHtmlCacheBehavior [ RunTime:0.003000s ]
INFO: [ app_begin ] --END-- [ RunTime:0.003000s ]
SQL: SHOW COLUMNS FROM `gw_rjgn` [ RunTime:0.0030s ]
SQL: SELECT * FROM `gw_rjgn` WHERE ( rjtype_id=7 ) LIMIT 1   [ RunTime:0.0000s ]
SQL: SHOW COLUMNS FROM `gw_nav` [ RunTime:0.0030s ]
SQL: SELECT * FROM `gw_nav` WHERE ( nav_level=0 )  [ RunTime:0.0010s ]
SQL: SELECT * FROM `gw_nav` WHERE ( nav_level=1 )  [ RunTime:0.0000s ]
INFO: [ view_parse ] --START--
INFO: [ template_filter ] --START--
INFO: Run Behavior\ContentReplaceBehavior [ RunTime:0.000000s ]
INFO: [ template_filter ] --END-- [ RunTime:0.000000s ]
INFO: Run Behavior\ParseTemplateBehavior [ RunTime:0.018001s ]
INFO: [ view_parse ] --END-- [ RunTime:0.018001s ]
INFO: [ view_filter ] --START--
INFO: Run Behavior\WriteHtmlCacheBehavior [ RunTime:0.002001s ]
INFO: [ view_filter ] --END-- [ RunTime:0.002001s ]
INFO: [ app_end ] --START--
INFO: Run Behavior\ShowPageTraceBehavior [ RunTime:0.000000s ]
INFO: [ app_end ] --END-- [ RunTime:0.001000s ]

