[ 2017-10-19T11:46:49+08:00 ] ::1 /BScode222/
INFO: [ app_init ] --START--
INFO: Run Behavior\BuildLiteBehavior [ RunTime:0.000000s ]
INFO: [ app_init ] --END-- [ RunTime:0.035005s ]
INFO: [ app_begin ] --START--
INFO: Run Behavior\ReadHtmlCacheBehavior [ RunTime:0.001500s ]
INFO: [ app_begin ] --END-- [ RunTime:0.001500s ]
SQL: SHOW COLUMNS FROM `gw_nav` [ RunTime:0.1765s ]
SQL: SELECT * FROM `gw_nav` WHERE ( nav_level=0 )  [ RunTime:0.0100s ]
SQL: SELECT * FROM `gw_nav` WHERE ( nav_level=1 )  [ RunTime:0.0005s ]
SQL: SHOW COLUMNS FROM `gw_news` [ RunTime:0.0155s ]
SQL: SELECT * FROM `gw_news` LIMIT 0,4   [ RunTime:0.0030s ]
SQL: SHOW COLUMNS FROM `gw_rjgn` [ RunTime:0.0090s ]
SQL: SELECT * FROM `gw_rjgn` WHERE ( rjtype_id=1 )  [ RunTime:0.0005s ]
SQL: SHOW COLUMNS FROM `gw_call` [ RunTime:0.0330s ]
SQL: SELECT * FROM `gw_call` LIMIT 1   [ RunTime:0.0005s ]
SQL: SHOW COLUMNS FROM `gw_inc` [ RunTime:0.0120s ]
SQL: SELECT * FROM `gw_inc`  [ RunTime:0.0000s ]
SQL: SHOW COLUMNS FROM `gw_map` [ RunTime:0.0220s ]
SQL: SELECT * FROM `gw_map` LIMIT 1   [ RunTime:0.0005s ]
INFO: [ view_parse ] --START--
INFO: [ template_filter ] --START--
INFO: Run Behavior\ContentReplaceBehavior [ RunTime:0.007501s ]
INFO: [ template_filter ] --END-- [ RunTime:0.008501s ]
INFO: Run Behavior\ParseTemplateBehavior [ RunTime:0.161020s ]
INFO: [ view_parse ] --END-- [ RunTime:0.162021s ]
INFO: [ view_filter ] --START--
INFO: Run Behavior\WriteHtmlCacheBehavior [ RunTime:0.008001s ]
INFO: [ view_filter ] --END-- [ RunTime:0.008501s ]
INFO: [ app_end ] --START--
INFO: Run Behavior\ShowPageTraceBehavior [ RunTime:0.025503s ]
INFO: [ app_end ] --END-- [ RunTime:0.025503s ]

[ 2017-10-19T11:46:49+08:00 ] ::1 /BScode222/index.php/Home/foot/foot.html
INFO: [ app_init ] --START--
INFO: Run Behavior\BuildLiteBehavior [ RunTime:0.000000s ]
INFO: [ app_init ] --END-- [ RunTime:0.000500s ]
INFO: [ app_begin ] --START--
INFO: Run Behavior\ReadHtmlCacheBehavior [ RunTime:0.000501s ]
INFO: [ app_begin ] --END-- [ RunTime:0.001001s ]
SQL: SHOW COLUMNS FROM `gw_rjgn` [ RunTime:0.0025s ]
SQL: SELECT * FROM `gw_rjgn` WHERE ( rjtype_id=7 ) LIMIT 1   [ RunTime:0.0005s ]
SQL: SHOW COLUMNS FROM `gw_nav` [ RunTime:0.0030s ]
SQL: SELECT * FROM `gw_nav` WHERE ( nav_level=0 )  [ RunTime:0.0005s ]
SQL: SELECT * FROM `gw_nav` WHERE ( nav_level=1 )  [ RunTime:0.0005s ]
INFO: [ view_parse ] --START--
INFO: [ template_filter ] --START--
INFO: Run Behavior\ContentReplaceBehavior [ RunTime:0.000000s ]
INFO: [ template_filter ] --END-- [ RunTime:0.000500s ]
INFO: Run Behavior\ParseTemplateBehavior [ RunTime:0.039505s ]
INFO: [ view_parse ] --END-- [ RunTime:0.040005s ]
INFO: [ view_filter ] --START--
INFO: Run Behavior\WriteHtmlCacheBehavior [ RunTime:0.000500s ]
INFO: [ view_filter ] --END-- [ RunTime:0.001001s ]
INFO: [ app_end ] --START--
INFO: Run Behavior\ShowPageTraceBehavior [ RunTime:0.001000s ]
INFO: [ app_end ] --END-- [ RunTime:0.001500s ]

[ 2017-10-19T11:46:54+08:00 ] ::1 /BScode222/index.php/Home/News/media
INFO: [ app_init ] --START--
INFO: Run Behavior\BuildLiteBehavior [ RunTime:0.000000s ]
INFO: [ app_init ] --END-- [ RunTime:0.000500s ]
INFO: [ app_begin ] --START--
INFO: Run Behavior\ReadHtmlCacheBehavior [ RunTime:0.001000s ]
INFO: [ app_begin ] --END-- [ RunTime:0.001500s ]
SQL: SHOW COLUMNS FROM `gw_nav` [ RunTime:0.0030s ]
SQL: SELECT * FROM `gw_nav` WHERE ( nav_level=0 )  [ RunTime:0.0005s ]
SQL: SELECT * FROM `gw_nav` WHERE ( nav_level=1 )  [ RunTime:0.0005s ]
SQL: SHOW COLUMNS FROM `gw_news` [ RunTime:0.0030s ]
SQL: SELECT * FROM `gw_news` INNER JOIN gw_showtype ON gw_showtype.showtype_id = gw_news.news_showtype_id  WHERE ( news_showtype_id=3 )  [ RunTime:0.0520s ]
INFO: [ view_parse ] --START--
INFO: [ template_filter ] --START--
INFO: Run Behavior\ContentReplaceBehavior [ RunTime:0.000000s ]
INFO: [ template_filter ] --END-- [ RunTime:0.001000s ]
INFO: Run Behavior\ParseTemplateBehavior [ RunTime:0.029003s ]
INFO: [ view_parse ] --END-- [ RunTime:0.029503s ]
INFO: [ view_filter ] --START--
INFO: Run Behavior\WriteHtmlCacheBehavior [ RunTime:0.000500s ]
INFO: [ view_filter ] --END-- [ RunTime:0.001000s ]
INFO: [ app_end ] --START--
INFO: Run Behavior\ShowPageTraceBehavior [ RunTime:0.000501s ]
INFO: [ app_end ] --END-- [ RunTime:0.001501s ]

[ 2017-10-19T11:46:54+08:00 ] ::1 /BScode222/index.php/Home/foot/foot.html
INFO: [ app_init ] --START--
INFO: Run Behavior\BuildLiteBehavior [ RunTime:0.000000s ]
INFO: [ app_init ] --END-- [ RunTime:0.000500s ]
INFO: [ app_begin ] --START--
INFO: Run Behavior\ReadHtmlCacheBehavior [ RunTime:0.001000s ]
INFO: [ app_begin ] --END-- [ RunTime:0.001000s ]
SQL: SHOW COLUMNS FROM `gw_rjgn` [ RunTime:0.0030s ]
SQL: SELECT * FROM `gw_rjgn` WHERE ( rjtype_id=7 ) LIMIT 1   [ RunTime:0.0010s ]
SQL: SHOW COLUMNS FROM `gw_nav` [ RunTime:0.0030s ]
SQL: SELECT * FROM `gw_nav` WHERE ( nav_level=0 )  [ RunTime:0.0010s ]
SQL: SELECT * FROM `gw_nav` WHERE ( nav_level=1 )  [ RunTime:0.0005s ]
INFO: [ view_parse ] --START--
INFO: [ template_filter ] --START--
INFO: Run Behavior\ContentReplaceBehavior [ RunTime:0.000000s ]
INFO: [ template_filter ] --END-- [ RunTime:0.000500s ]
INFO: Run Behavior\ParseTemplateBehavior [ RunTime:0.033004s ]
INFO: [ view_parse ] --END-- [ RunTime:0.033004s ]
INFO: [ view_filter ] --START--
INFO: Run Behavior\WriteHtmlCacheBehavior [ RunTime:0.000500s ]
INFO: [ view_filter ] --END-- [ RunTime:0.001000s ]
INFO: [ app_end ] --START--
INFO: Run Behavior\ShowPageTraceBehavior [ RunTime:0.001000s ]
INFO: [ app_end ] --END-- [ RunTime:0.001500s ]

