[ 2018-02-25T09:13:57+08:00 ] ::1 /BScode222/
INFO: [ app_init ] --START--
INFO: Run Behavior\BuildLiteBehavior [ RunTime:0.000000s ]
INFO: [ app_init ] --END-- [ RunTime:0.019001s ]
INFO: [ app_begin ] --START--
INFO: Run Behavior\ReadHtmlCacheBehavior [ RunTime:0.001000s ]
INFO: [ app_begin ] --END-- [ RunTime:0.002000s ]
SQL: SHOW COLUMNS FROM `gw_nav` [ RunTime:0.0390s ]
SQL: SELECT * FROM `gw_nav` WHERE ( nav_level=0 )  [ RunTime:0.0140s ]
SQL: SELECT * FROM `gw_nav` WHERE ( nav_level=1 )  [ RunTime:0.0010s ]
SQL: SHOW COLUMNS FROM `gw_news` [ RunTime:0.0080s ]
SQL: SELECT * FROM `gw_news` LIMIT 0,4   [ RunTime:0.0010s ]
SQL: SHOW COLUMNS FROM `gw_rjgn` [ RunTime:0.0190s ]
SQL: SELECT * FROM `gw_rjgn` WHERE ( rjtype_id=1 )  [ RunTime:0.0000s ]
SQL: SHOW COLUMNS FROM `gw_call` [ RunTime:0.0320s ]
SQL: SELECT * FROM `gw_call` LIMIT 1   [ RunTime:0.0010s ]
SQL: SHOW COLUMNS FROM `gw_inc` [ RunTime:0.0200s ]
SQL: SELECT * FROM `gw_inc`  [ RunTime:0.0000s ]
SQL: SHOW COLUMNS FROM `gw_map` [ RunTime:0.0220s ]
SQL: SELECT * FROM `gw_map` LIMIT 1   [ RunTime:0.0000s ]
INFO: [ view_parse ] --START--
INFO: [ template_filter ] --START--
INFO: Run Behavior\ContentReplaceBehavior [ RunTime:0.009001s ]
INFO: [ template_filter ] --END-- [ RunTime:0.010001s ]
INFO: Run Behavior\ParseTemplateBehavior [ RunTime:0.149009s ]
INFO: [ view_parse ] --END-- [ RunTime:0.150009s ]
INFO: [ view_filter ] --START--
INFO: Run Behavior\WriteHtmlCacheBehavior [ RunTime:0.009000s ]
INFO: [ view_filter ] --END-- [ RunTime:0.009000s ]
INFO: [ app_end ] --START--
INFO: Run Behavior\ShowPageTraceBehavior [ RunTime:0.014001s ]
INFO: [ app_end ] --END-- [ RunTime:0.014001s ]

[ 2018-02-25T09:13:57+08:00 ] ::1 /BScode222/index.php/Home/foot/foot.html
INFO: [ app_init ] --START--
INFO: Run Behavior\BuildLiteBehavior [ RunTime:0.000000s ]
INFO: [ app_init ] --END-- [ RunTime:0.001000s ]
INFO: [ app_begin ] --START--
INFO: Run Behavior\ReadHtmlCacheBehavior [ RunTime:0.001000s ]
INFO: [ app_begin ] --END-- [ RunTime:0.002000s ]
SQL: SHOW COLUMNS FROM `gw_rjgn` [ RunTime:0.0060s ]
SQL: SELECT * FROM `gw_rjgn` WHERE ( rjtype_id=7 ) LIMIT 1   [ RunTime:0.0010s ]
SQL: SHOW COLUMNS FROM `gw_nav` [ RunTime:0.0050s ]
SQL: SELECT * FROM `gw_nav` WHERE ( nav_level=0 )  [ RunTime:0.0010s ]
SQL: SELECT * FROM `gw_nav` WHERE ( nav_level=1 )  [ RunTime:0.0010s ]
INFO: [ view_parse ] --START--
INFO: [ template_filter ] --START--
INFO: Run Behavior\ContentReplaceBehavior [ RunTime:0.000000s ]
INFO: [ template_filter ] --END-- [ RunTime:0.001000s ]
INFO: Run Behavior\ParseTemplateBehavior [ RunTime:0.050003s ]
INFO: [ view_parse ] --END-- [ RunTime:0.050003s ]
INFO: [ view_filter ] --START--
INFO: Run Behavior\WriteHtmlCacheBehavior [ RunTime:0.001000s ]
INFO: [ view_filter ] --END-- [ RunTime:0.001000s ]
INFO: [ app_end ] --START--
INFO: Run Behavior\ShowPageTraceBehavior [ RunTime:0.001000s ]
INFO: [ app_end ] --END-- [ RunTime:0.001000s ]

[ 2018-02-25T09:28:40+08:00 ] ::1 /BScode222/
INFO: [ app_init ] --START--
INFO: Run Behavior\BuildLiteBehavior [ RunTime:0.000000s ]
INFO: [ app_init ] --END-- [ RunTime:0.001000s ]
INFO: [ app_begin ] --START--
INFO: Run Behavior\ReadHtmlCacheBehavior [ RunTime:0.002000s ]
INFO: [ app_begin ] --END-- [ RunTime:0.002000s ]
SQL: SHOW COLUMNS FROM `gw_nav` [ RunTime:0.0060s ]
SQL: SELECT * FROM `gw_nav` WHERE ( nav_level=0 )  [ RunTime:0.0010s ]
SQL: SELECT * FROM `gw_nav` WHERE ( nav_level=1 )  [ RunTime:0.0010s ]
SQL: SHOW COLUMNS FROM `gw_news` [ RunTime:0.0070s ]
SQL: SELECT * FROM `gw_news` LIMIT 0,4   [ RunTime:0.0000s ]
SQL: SHOW COLUMNS FROM `gw_rjgn` [ RunTime:0.0060s ]
SQL: SELECT * FROM `gw_rjgn` WHERE ( rjtype_id=1 )  [ RunTime:0.0010s ]
SQL: SHOW COLUMNS FROM `gw_call` [ RunTime:0.0060s ]
SQL: SELECT * FROM `gw_call` LIMIT 1   [ RunTime:0.0010s ]
SQL: SHOW COLUMNS FROM `gw_inc` [ RunTime:0.0080s ]
SQL: SELECT * FROM `gw_inc`  [ RunTime:0.0000s ]
SQL: SHOW COLUMNS FROM `gw_map` [ RunTime:0.0060s ]
SQL: SELECT * FROM `gw_map` LIMIT 1   [ RunTime:0.0010s ]
INFO: [ view_parse ] --START--
INFO: [ template_filter ] --START--
INFO: Run Behavior\ContentReplaceBehavior [ RunTime:0.001000s ]
INFO: [ template_filter ] --END-- [ RunTime:0.001000s ]
INFO: Run Behavior\ParseTemplateBehavior [ RunTime:0.099006s ]
INFO: [ view_parse ] --END-- [ RunTime:0.100006s ]
INFO: [ view_filter ] --START--
INFO: Run Behavior\WriteHtmlCacheBehavior [ RunTime:0.002000s ]
INFO: [ view_filter ] --END-- [ RunTime:0.002000s ]
INFO: [ app_end ] --START--
INFO: Run Behavior\ShowPageTraceBehavior [ RunTime:0.002000s ]
INFO: [ app_end ] --END-- [ RunTime:0.002000s ]

[ 2018-02-25T09:28:40+08:00 ] ::1 /BScode222/index.php/Home/foot/foot.html
INFO: [ app_init ] --START--
INFO: Run Behavior\BuildLiteBehavior [ RunTime:0.000000s ]
INFO: [ app_init ] --END-- [ RunTime:0.001000s ]
INFO: [ app_begin ] --START--
INFO: Run Behavior\ReadHtmlCacheBehavior [ RunTime:0.002000s ]
INFO: [ app_begin ] --END-- [ RunTime:0.002000s ]
SQL: SHOW COLUMNS FROM `gw_rjgn` [ RunTime:0.0070s ]
SQL: SELECT * FROM `gw_rjgn` WHERE ( rjtype_id=7 ) LIMIT 1   [ RunTime:0.0010s ]
SQL: SHOW COLUMNS FROM `gw_nav` [ RunTime:0.0070s ]
SQL: SELECT * FROM `gw_nav` WHERE ( nav_level=0 )  [ RunTime:0.0010s ]
SQL: SELECT * FROM `gw_nav` WHERE ( nav_level=1 )  [ RunTime:0.0000s ]
INFO: [ view_parse ] --START--
INFO: [ template_filter ] --START--
INFO: Run Behavior\ContentReplaceBehavior [ RunTime:0.000000s ]
INFO: [ template_filter ] --END-- [ RunTime:0.000000s ]
INFO: Run Behavior\ParseTemplateBehavior [ RunTime:0.036002s ]
INFO: [ view_parse ] --END-- [ RunTime:0.036002s ]
INFO: [ view_filter ] --START--
INFO: Run Behavior\WriteHtmlCacheBehavior [ RunTime:0.002000s ]
INFO: [ view_filter ] --END-- [ RunTime:0.002000s ]
INFO: [ app_end ] --START--
INFO: Run Behavior\ShowPageTraceBehavior [ RunTime:0.002000s ]
INFO: [ app_end ] --END-- [ RunTime:0.002000s ]

